<?xml version="1.0" encoding="UTF-8"?>
<testsuites>
	<testsuite tests="2968" failures="0" time="533.521" name="istio.io/istio/tests/integration/ambient" timestamp="2025-09-10T15:30:00">
		<properties>
			<property name="go.version" value="go1.25.1"></property>
		</properties>
		<testcase classname="ambient" name="TestServices" time="15.130"></testcase>
		<testcase classname="ambient" name="TestServices/from_workload-addressed-waypoint" time="2.840"></testcase>
		<testcase classname="ambient" name="TestServices/from_workload-addressed-waypoint/to_workload-addressed-waypoint" time="0.510"></testcase>
		<testcase classname="ambient" name="TestServices/from_workload-addressed-waypoint/to_workload-addressed-waypoint/http" time="0.050"></testcase>
		<testcase classname="ambient" name="TestServices/from_workload-addressed-waypoint/to_workload-addressed-waypoint/grpc" time="0.030"></testcase>
		<testcase classname="ambient" name="TestServices/from_workload-addressed-waypoint/to_workload-addressed-waypoint/http2" time="0.030"></testcase>
		<testcase classname="ambient" name="TestServices/from_workload-addressed-waypoint/to_workload-addressed-waypoint/tcp" time="0.030"></testcase>
		<testcase classname="ambient" name="TestServices/from_workload-addressed-waypoint/to_workload-addressed-waypoint/https" time="0.050"></testcase>
		<testcase classname="ambient" name="TestServices/from_workload-addressed-waypoint/to_workload-addressed-waypoint/tcp-server" time="0.030"></testcase>
		<testcase classname="ambient" name="TestServices/from_workload-addressed-waypoint/to_workload-addressed-waypoint/auto-tcp" time="0.030"></testcase>
		<testcase classname="ambient" name="TestServices/from_workload-addressed-waypoint/to_workload-addressed-waypoint/auto-http" time="0.030"></testcase>
		<testcase classname="ambient" name="TestServices/from_workload-addressed-waypoint/to_workload-addressed-waypoint/auto-http#01" time="0.030"></testcase>
		<testcase classname="ambient" name="TestServices/from_workload-addressed-waypoint/to_workload-addressed-waypoint/auto-grpc" time="0.030"></testcase>
		<testcase classname="ambient" name="TestServices/from_workload-addressed-waypoint/to_workload-addressed-waypoint/auto-https" time="0.040"></testcase>
		<testcase classname="ambient" name="TestServices/from_workload-addressed-waypoint/to_workload-addressed-waypoint/auto-https#01" time="0.050"></testcase>
		<testcase classname="ambient" name="TestServices/from_workload-addressed-waypoint/to_workload-addressed-waypoint/http-instance" time="0.030"></testcase>
		<testcase classname="ambient" name="TestServices/from_workload-addressed-waypoint/to_workload-addressed-waypoint/http-localhost" time="0.020"></testcase>
		<testcase classname="ambient" name="TestServices/from_workload-addressed-waypoint/to_workload-addressed-waypoint/tcp-for-http" time="0.030"></testcase>
		<testcase classname="ambient" name="TestServices/from_workload-addressed-waypoint/to_service-addressed-waypoint" time="0.640"></testcase>
		<testcase classname="ambient" name="TestServices/from_workload-addressed-waypoint/to_service-addressed-waypoint/http" time="0.080"></testcase>
		<testcase classname="ambient" name="TestServices/from_workload-addressed-waypoint/to_service-addressed-waypoint/grpc" time="0.050"></testcase>
		<testcase classname="ambient" name="TestServices/from_workload-addressed-waypoint/to_service-addressed-waypoint/http2" time="0.040"></testcase>
		<testcase classname="ambient" name="TestServices/from_workload-addressed-waypoint/to_service-addressed-waypoint/tcp" time="0.040"></testcase>
		<testcase classname="ambient" name="TestServices/from_workload-addressed-waypoint/to_service-addressed-waypoint/https" time="0.060"></testcase>
		<testcase classname="ambient" name="TestServices/from_workload-addressed-waypoint/to_service-addressed-waypoint/tcp-server" time="0.010">
			<skipped message="    baseline_test.go:230: https://github.com/istio/istio/issues/55420"></skipped>
		</testcase>
		<testcase classname="ambient" name="TestServices/from_workload-addressed-waypoint/to_service-addressed-waypoint/auto-tcp" time="0.030"></testcase>
		<testcase classname="ambient" name="TestServices/from_workload-addressed-waypoint/to_service-addressed-waypoint/auto-http" time="0.030"></testcase>
		<testcase classname="ambient" name="TestServices/from_workload-addressed-waypoint/to_service-addressed-waypoint/auto-http#01" time="0.030"></testcase>
		<testcase classname="ambient" name="TestServices/from_workload-addressed-waypoint/to_service-addressed-waypoint/auto-grpc" time="0.040"></testcase>
		<testcase classname="ambient" name="TestServices/from_workload-addressed-waypoint/to_service-addressed-waypoint/auto-https" time="0.050"></testcase>
		<testcase classname="ambient" name="TestServices/from_workload-addressed-waypoint/to_service-addressed-waypoint/auto-https#01" time="0.050"></testcase>
		<testcase classname="ambient" name="TestServices/from_workload-addressed-waypoint/to_service-addressed-waypoint/http-instance" time="0.030"></testcase>
		<testcase classname="ambient" name="TestServices/from_workload-addressed-waypoint/to_service-addressed-waypoint/http-localhost" time="0.050"></testcase>
		<testcase classname="ambient" name="TestServices/from_workload-addressed-waypoint/to_service-addressed-waypoint/tcp-for-http" time="0.030"></testcase>
		<testcase classname="ambient" name="TestServices/from_workload-addressed-waypoint/to_captured" time="0.560"></testcase>
		<testcase classname="ambient" name="TestServices/from_workload-addressed-waypoint/to_captured/http" time="0.040"></testcase>
		<testcase classname="ambient" name="TestServices/from_workload-addressed-waypoint/to_captured/grpc" time="0.030"></testcase>
		<testcase classname="ambient" name="TestServices/from_workload-addressed-waypoint/to_captured/http2" time="0.030"></testcase>
		<testcase classname="ambient" name="TestServices/from_workload-addressed-waypoint/to_captured/tcp" time="0.030"></testcase>
		<testcase classname="ambient" name="TestServices/from_workload-addressed-waypoint/to_captured/https" time="0.050"></testcase>
		<testcase classname="ambient" name="TestServices/from_workload-addressed-waypoint/to_captured/tcp-server" time="0.040"></testcase>
		<testcase classname="ambient" name="TestServices/from_workload-addressed-waypoint/to_captured/auto-tcp" time="0.030"></testcase>
		<testcase classname="ambient" name="TestServices/from_workload-addressed-waypoint/to_captured/auto-http" time="0.030"></testcase>
		<testcase classname="ambient" name="TestServices/from_workload-addressed-waypoint/to_captured/auto-http#01" time="0.030"></testcase>
		<testcase classname="ambient" name="TestServices/from_workload-addressed-waypoint/to_captured/auto-grpc" time="0.030"></testcase>
		<testcase classname="ambient" name="TestServices/from_workload-addressed-waypoint/to_captured/auto-https" time="0.080"></testcase>
		<testcase classname="ambient" name="TestServices/from_workload-addressed-waypoint/to_captured/auto-https#01" time="0.050"></testcase>
		<testcase classname="ambient" name="TestServices/from_workload-addressed-waypoint/to_captured/http-instance" time="0.030"></testcase>
		<testcase classname="ambient" name="TestServices/from_workload-addressed-waypoint/to_captured/http-localhost" time="0.030"></testcase>
		<testcase classname="ambient" name="TestServices/from_workload-addressed-waypoint/to_captured/tcp-for-http" time="0.030"></testcase>
		<testcase classname="ambient" name="TestServices/from_workload-addressed-waypoint/to_uncaptured" time="0.490"></testcase>
		<testcase classname="ambient" name="TestServices/from_workload-addressed-waypoint/to_uncaptured/http" time="0.030"></testcase>
		<testcase classname="ambient" name="TestServices/from_workload-addressed-waypoint/to_uncaptured/grpc" time="0.030"></testcase>
		<testcase classname="ambient" name="TestServices/from_workload-addressed-waypoint/to_uncaptured/http2" time="0.030"></testcase>
		<testcase classname="ambient" name="TestServices/from_workload-addressed-waypoint/to_uncaptured/tcp" time="0.030"></testcase>
		<testcase classname="ambient" name="TestServices/from_workload-addressed-waypoint/to_uncaptured/https" time="0.050"></testcase>
		<testcase classname="ambient" name="TestServices/from_workload-addressed-waypoint/to_uncaptured/tcp-server" time="0.030"></testcase>
		<testcase classname="ambient" name="TestServices/from_workload-addressed-waypoint/to_uncaptured/auto-tcp" time="0.030"></testcase>
		<testcase classname="ambient" name="TestServices/from_workload-addressed-waypoint/to_uncaptured/auto-http" time="0.030"></testcase>
		<testcase classname="ambient" name="TestServices/from_workload-addressed-waypoint/to_uncaptured/auto-http#01" time="0.030"></testcase>
		<testcase classname="ambient" name="TestServices/from_workload-addressed-waypoint/to_uncaptured/auto-grpc" time="0.030"></testcase>
		<testcase classname="ambient" name="TestServices/from_workload-addressed-waypoint/to_uncaptured/auto-https" time="0.050"></testcase>
		<testcase classname="ambient" name="TestServices/from_workload-addressed-waypoint/to_uncaptured/auto-https#01" time="0.050"></testcase>
		<testcase classname="ambient" name="TestServices/from_workload-addressed-waypoint/to_uncaptured/http-instance" time="0.030"></testcase>
		<testcase classname="ambient" name="TestServices/from_workload-addressed-waypoint/to_uncaptured/http-localhost" time="0.030"></testcase>
		<testcase classname="ambient" name="TestServices/from_workload-addressed-waypoint/to_uncaptured/tcp-for-http" time="0.030"></testcase>
		<testcase classname="ambient" name="TestServices/from_workload-addressed-waypoint/to_sidecar" time="0.650"></testcase>
		<testcase classname="ambient" name="TestServices/from_workload-addressed-waypoint/to_sidecar/http" time="0.050"></testcase>
		<testcase classname="ambient" name="TestServices/from_workload-addressed-waypoint/to_sidecar/grpc" time="0.040"></testcase>
		<testcase classname="ambient" name="TestServices/from_workload-addressed-waypoint/to_sidecar/http2" time="0.030"></testcase>
		<testcase classname="ambient" name="TestServices/from_workload-addressed-waypoint/to_sidecar/tcp" time="0.030"></testcase>
		<testcase classname="ambient" name="TestServices/from_workload-addressed-waypoint/to_sidecar/https" time="0.050"></testcase>
		<testcase classname="ambient" name="TestServices/from_workload-addressed-waypoint/to_sidecar/tcp-server" time="0.020"></testcase>
		<testcase classname="ambient" name="TestServices/from_workload-addressed-waypoint/to_sidecar/auto-tcp" time="0.030"></testcase>
		<testcase classname="ambient" name="TestServices/from_workload-addressed-waypoint/to_sidecar/auto-http" time="0.030"></testcase>
		<testcase classname="ambient" name="TestServices/from_workload-addressed-waypoint/to_sidecar/auto-http#01" time="0.030"></testcase>
		<testcase classname="ambient" name="TestServices/from_workload-addressed-waypoint/to_sidecar/auto-grpc" time="0.040"></testcase>
		<testcase classname="ambient" name="TestServices/from_workload-addressed-waypoint/to_sidecar/auto-https" time="0.050"></testcase>
		<testcase classname="ambient" name="TestServices/from_workload-addressed-waypoint/to_sidecar/auto-https#01" time="0.050"></testcase>
		<testcase classname="ambient" name="TestServices/from_workload-addressed-waypoint/to_sidecar/http-instance" time="0.040"></testcase>
		<testcase classname="ambient" name="TestServices/from_workload-addressed-waypoint/to_sidecar/http-localhost" time="0.140"></testcase>
		<testcase classname="ambient" name="TestServices/from_workload-addressed-waypoint/to_sidecar/tcp-for-http" time="0.030"></testcase>
		<testcase classname="ambient" name="TestServices/from_service-addressed-waypoint" time="2.920"></testcase>
		<testcase classname="ambient" name="TestServices/from_service-addressed-waypoint/to_workload-addressed-waypoint" time="0.730"></testcase>
		<testcase classname="ambient" name="TestServices/from_service-addressed-waypoint/to_workload-addressed-waypoint/http" time="0.060"></testcase>
		<testcase classname="ambient" name="TestServices/from_service-addressed-waypoint/to_workload-addressed-waypoint/grpc" time="0.030"></testcase>
		<testcase classname="ambient" name="TestServices/from_service-addressed-waypoint/to_workload-addressed-waypoint/http2" time="0.030"></testcase>
		<testcase classname="ambient" name="TestServices/from_service-addressed-waypoint/to_workload-addressed-waypoint/tcp" time="0.050"></testcase>
		<testcase classname="ambient" name="TestServices/from_service-addressed-waypoint/to_workload-addressed-waypoint/https" time="0.080"></testcase>
		<testcase classname="ambient" name="TestServices/from_service-addressed-waypoint/to_workload-addressed-waypoint/tcp-server" time="0.030"></testcase>
		<testcase classname="ambient" name="TestServices/from_service-addressed-waypoint/to_workload-addressed-waypoint/auto-tcp" time="0.030"></testcase>
		<testcase classname="ambient" name="TestServices/from_service-addressed-waypoint/to_workload-addressed-waypoint/auto-http" time="0.040"></testcase>
		<testcase classname="ambient" name="TestServices/from_service-addressed-waypoint/to_workload-addressed-waypoint/auto-http#01" time="0.040"></testcase>
		<testcase classname="ambient" name="TestServices/from_service-addressed-waypoint/to_workload-addressed-waypoint/auto-grpc" time="0.040"></testcase>
		<testcase classname="ambient" name="TestServices/from_service-addressed-waypoint/to_workload-addressed-waypoint/auto-https" time="0.090"></testcase>
		<testcase classname="ambient" name="TestServices/from_service-addressed-waypoint/to_workload-addressed-waypoint/auto-https#01" time="0.110"></testcase>
		<testcase classname="ambient" name="TestServices/from_service-addressed-waypoint/to_workload-addressed-waypoint/http-instance" time="0.030"></testcase>
		<testcase classname="ambient" name="TestServices/from_service-addressed-waypoint/to_workload-addressed-waypoint/http-localhost" time="0.030"></testcase>
		<testcase classname="ambient" name="TestServices/from_service-addressed-waypoint/to_workload-addressed-waypoint/tcp-for-http" time="0.030"></testcase>
		<testcase classname="ambient" name="TestServices/from_service-addressed-waypoint/to_service-addressed-waypoint" time="0.620"></testcase>
		<testcase classname="ambient" name="TestServices/from_service-addressed-waypoint/to_service-addressed-waypoint/http" time="0.060"></testcase>
		<testcase classname="ambient" name="TestServices/from_service-addressed-waypoint/to_service-addressed-waypoint/grpc" time="0.060"></testcase>
		<testcase classname="ambient" name="TestServices/from_service-addressed-waypoint/to_service-addressed-waypoint/http2" time="0.030"></testcase>
		<testcase classname="ambient" name="TestServices/from_service-addressed-waypoint/to_service-addressed-waypoint/tcp" time="0.030"></testcase>
		<testcase classname="ambient" name="TestServices/from_service-addressed-waypoint/to_service-addressed-waypoint/https" time="0.050"></testcase>
		<testcase classname="ambient" name="TestServices/from_service-addressed-waypoint/to_service-addressed-waypoint/tcp-server" time="0.010">
			<skipped message="    baseline_test.go:230: https://github.com/istio/istio/issues/55420"></skipped>
		</testcase>
		<testcase classname="ambient" name="TestServices/from_service-addressed-waypoint/to_service-addressed-waypoint/auto-tcp" time="0.030"></testcase>
		<testcase classname="ambient" name="TestServices/from_service-addressed-waypoint/to_service-addressed-waypoint/auto-http" time="0.050"></testcase>
		<testcase classname="ambient" name="TestServices/from_service-addressed-waypoint/to_service-addressed-waypoint/auto-http#01" time="0.030"></testcase>
		<testcase classname="ambient" name="TestServices/from_service-addressed-waypoint/to_service-addressed-waypoint/auto-grpc" time="0.040"></testcase>
		<testcase classname="ambient" name="TestServices/from_service-addressed-waypoint/to_service-addressed-waypoint/auto-https" time="0.050"></testcase>
		<testcase classname="ambient" name="TestServices/from_service-addressed-waypoint/to_service-addressed-waypoint/auto-https#01" time="0.050"></testcase>
		<testcase classname="ambient" name="TestServices/from_service-addressed-waypoint/to_service-addressed-waypoint/http-instance" time="0.030"></testcase>
		<testcase classname="ambient" name="TestServices/from_service-addressed-waypoint/to_service-addressed-waypoint/http-localhost" time="0.050"></testcase>
		<testcase classname="ambient" name="TestServices/from_service-addressed-waypoint/to_service-addressed-waypoint/tcp-for-http" time="0.030"></testcase>
		<testcase classname="ambient" name="TestServices/from_service-addressed-waypoint/to_captured" time="0.470"></testcase>
		<testcase classname="ambient" name="TestServices/from_service-addressed-waypoint/to_captured/http" time="0.030"></testcase>
		<testcase classname="ambient" name="TestServices/from_service-addressed-waypoint/to_captured/grpc" time="0.020"></testcase>
		<testcase classname="ambient" name="TestServices/from_service-addressed-waypoint/to_captured/http2" time="0.030"></testcase>
		<testcase classname="ambient" name="TestServices/from_service-addressed-waypoint/to_captured/tcp" time="0.030"></testcase>
		<testcase classname="ambient" name="TestServices/from_service-addressed-waypoint/to_captured/https" time="0.050"></testcase>
		<testcase classname="ambient" name="TestServices/from_service-addressed-waypoint/to_captured/tcp-server" time="0.030"></testcase>
		<testcase classname="ambient" name="TestServices/from_service-addressed-waypoint/to_captured/auto-tcp" time="0.020"></testcase>
		<testcase classname="ambient" name="TestServices/from_service-addressed-waypoint/to_captured/auto-http" time="0.030"></testcase>
		<testcase classname="ambient" name="TestServices/from_service-addressed-waypoint/to_captured/auto-http#01" time="0.030"></testcase>
		<testcase classname="ambient" name="TestServices/from_service-addressed-waypoint/to_captured/auto-grpc" time="0.030"></testcase>
		<testcase classname="ambient" name="TestServices/from_service-addressed-waypoint/to_captured/auto-https" time="0.050"></testcase>
		<testcase classname="ambient" name="TestServices/from_service-addressed-waypoint/to_captured/auto-https#01" time="0.050"></testcase>
		<testcase classname="ambient" name="TestServices/from_service-addressed-waypoint/to_captured/http-instance" time="0.030"></testcase>
		<testcase classname="ambient" name="TestServices/from_service-addressed-waypoint/to_captured/http-localhost" time="0.020"></testcase>
		<testcase classname="ambient" name="TestServices/from_service-addressed-waypoint/to_captured/tcp-for-http" time="0.030"></testcase>
		<testcase classname="ambient" name="TestServices/from_service-addressed-waypoint/to_uncaptured" time="0.440"></testcase>
		<testcase classname="ambient" name="TestServices/from_service-addressed-waypoint/to_uncaptured/http" time="0.030"></testcase>
		<testcase classname="ambient" name="TestServices/from_service-addressed-waypoint/to_uncaptured/grpc" time="0.020"></testcase>
		<testcase classname="ambient" name="TestServices/from_service-addressed-waypoint/to_uncaptured/http2" time="0.020"></testcase>
		<testcase classname="ambient" name="TestServices/from_service-addressed-waypoint/to_uncaptured/tcp" time="0.030"></testcase>
		<testcase classname="ambient" name="TestServices/from_service-addressed-waypoint/to_uncaptured/https" time="0.050"></testcase>
		<testcase classname="ambient" name="TestServices/from_service-addressed-waypoint/to_uncaptured/tcp-server" time="0.030"></testcase>
		<testcase classname="ambient" name="TestServices/from_service-addressed-waypoint/to_uncaptured/auto-tcp" time="0.020"></testcase>
		<testcase classname="ambient" name="TestServices/from_service-addressed-waypoint/to_uncaptured/auto-http" time="0.020"></testcase>
		<testcase classname="ambient" name="TestServices/from_service-addressed-waypoint/to_uncaptured/auto-http#01" time="0.020"></testcase>
		<testcase classname="ambient" name="TestServices/from_service-addressed-waypoint/to_uncaptured/auto-grpc" time="0.020"></testcase>
		<testcase classname="ambient" name="TestServices/from_service-addressed-waypoint/to_uncaptured/auto-https" time="0.040"></testcase>
		<testcase classname="ambient" name="TestServices/from_service-addressed-waypoint/to_uncaptured/auto-https#01" time="0.050"></testcase>
		<testcase classname="ambient" name="TestServices/from_service-addressed-waypoint/to_uncaptured/http-instance" time="0.030"></testcase>
		<testcase classname="ambient" name="TestServices/from_service-addressed-waypoint/to_uncaptured/http-localhost" time="0.020"></testcase>
		<testcase classname="ambient" name="TestServices/from_service-addressed-waypoint/to_uncaptured/tcp-for-http" time="0.020"></testcase>
		<testcase classname="ambient" name="TestServices/from_service-addressed-waypoint/to_sidecar" time="0.650"></testcase>
		<testcase classname="ambient" name="TestServices/from_service-addressed-waypoint/to_sidecar/http" time="0.050"></testcase>
		<testcase classname="ambient" name="TestServices/from_service-addressed-waypoint/to_sidecar/grpc" time="0.030"></testcase>
		<testcase classname="ambient" name="TestServices/from_service-addressed-waypoint/to_sidecar/http2" time="0.030"></testcase>
		<testcase classname="ambient" name="TestServices/from_service-addressed-waypoint/to_sidecar/tcp" time="0.030"></testcase>
		<testcase classname="ambient" name="TestServices/from_service-addressed-waypoint/to_sidecar/https" time="0.050"></testcase>
		<testcase classname="ambient" name="TestServices/from_service-addressed-waypoint/to_sidecar/tcp-server" time="0.030"></testcase>
		<testcase classname="ambient" name="TestServices/from_service-addressed-waypoint/to_sidecar/auto-tcp" time="0.020"></testcase>
		<testcase classname="ambient" name="TestServices/from_service-addressed-waypoint/to_sidecar/auto-http" time="0.050"></testcase>
		<testcase classname="ambient" name="TestServices/from_service-addressed-waypoint/to_sidecar/auto-http#01" time="0.030"></testcase>
		<testcase classname="ambient" name="TestServices/from_service-addressed-waypoint/to_sidecar/auto-grpc" time="0.040"></testcase>
		<testcase classname="ambient" name="TestServices/from_service-addressed-waypoint/to_sidecar/auto-https" time="0.050"></testcase>
		<testcase classname="ambient" name="TestServices/from_service-addressed-waypoint/to_sidecar/auto-https#01" time="0.040"></testcase>
		<testcase classname="ambient" name="TestServices/from_service-addressed-waypoint/to_sidecar/http-instance" time="0.030"></testcase>
		<testcase classname="ambient" name="TestServices/from_service-addressed-waypoint/to_sidecar/http-localhost" time="0.140"></testcase>
		<testcase classname="ambient" name="TestServices/from_service-addressed-waypoint/to_sidecar/tcp-for-http" time="0.030"></testcase>
		<testcase classname="ambient" name="TestServices/from_captured" time="2.900"></testcase>
		<testcase classname="ambient" name="TestServices/from_captured/to_workload-addressed-waypoint" time="0.510"></testcase>
		<testcase classname="ambient" name="TestServices/from_captured/to_workload-addressed-waypoint/http" time="0.050"></testcase>
		<testcase classname="ambient" name="TestServices/from_captured/to_workload-addressed-waypoint/grpc" time="0.030"></testcase>
		<testcase classname="ambient" name="TestServices/from_captured/to_workload-addressed-waypoint/http2" time="0.030"></testcase>
		<testcase classname="ambient" name="TestServices/from_captured/to_workload-addressed-waypoint/tcp" time="0.030"></testcase>
		<testcase classname="ambient" name="TestServices/from_captured/to_workload-addressed-waypoint/https" time="0.050"></testcase>
		<testcase classname="ambient" name="TestServices/from_captured/to_workload-addressed-waypoint/tcp-server" time="0.030"></testcase>
		<testcase classname="ambient" name="TestServices/from_captured/to_workload-addressed-waypoint/auto-tcp" time="0.030"></testcase>
		<testcase classname="ambient" name="TestServices/from_captured/to_workload-addressed-waypoint/auto-http" time="0.030"></testcase>
		<testcase classname="ambient" name="TestServices/from_captured/to_workload-addressed-waypoint/auto-http#01" time="0.030"></testcase>
		<testcase classname="ambient" name="TestServices/from_captured/to_workload-addressed-waypoint/auto-grpc" time="0.030"></testcase>
		<testcase classname="ambient" name="TestServices/from_captured/to_workload-addressed-waypoint/auto-https" time="0.050"></testcase>
		<testcase classname="ambient" name="TestServices/from_captured/to_workload-addressed-waypoint/auto-https#01" time="0.050"></testcase>
		<testcase classname="ambient" name="TestServices/from_captured/to_workload-addressed-waypoint/http-instance" time="0.030"></testcase>
		<testcase classname="ambient" name="TestServices/from_captured/to_workload-addressed-waypoint/http-localhost" time="0.020"></testcase>
		<testcase classname="ambient" name="TestServices/from_captured/to_workload-addressed-waypoint/tcp-for-http" time="0.030"></testcase>
		<testcase classname="ambient" name="TestServices/from_captured/to_service-addressed-waypoint" time="0.600"></testcase>
		<testcase classname="ambient" name="TestServices/from_captured/to_service-addressed-waypoint/http" time="0.050"></testcase>
		<testcase classname="ambient" name="TestServices/from_captured/to_service-addressed-waypoint/grpc" time="0.050"></testcase>
		<testcase classname="ambient" name="TestServices/from_captured/to_service-addressed-waypoint/http2" time="0.030"></testcase>
		<testcase classname="ambient" name="TestServices/from_captured/to_service-addressed-waypoint/tcp" time="0.030"></testcase>
		<testcase classname="ambient" name="TestServices/from_captured/to_service-addressed-waypoint/https" time="0.050"></testcase>
		<testcase classname="ambient" name="TestServices/from_captured/to_service-addressed-waypoint/tcp-server" time="0.010">
			<skipped message="    baseline_test.go:230: https://github.com/istio/istio/issues/55420"></skipped>
		</testcase>
		<testcase classname="ambient" name="TestServices/from_captured/to_service-addressed-waypoint/auto-tcp" time="0.030"></testcase>
		<testcase classname="ambient" name="TestServices/from_captured/to_service-addressed-waypoint/auto-http" time="0.040"></testcase>
		<testcase classname="ambient" name="TestServices/from_captured/to_service-addressed-waypoint/auto-http#01" time="0.030"></testcase>
		<testcase classname="ambient" name="TestServices/from_captured/to_service-addressed-waypoint/auto-grpc" time="0.030"></testcase>
		<testcase classname="ambient" name="TestServices/from_captured/to_service-addressed-waypoint/auto-https" time="0.050"></testcase>
		<testcase classname="ambient" name="TestServices/from_captured/to_service-addressed-waypoint/auto-https#01" time="0.060"></testcase>
		<testcase classname="ambient" name="TestServices/from_captured/to_service-addressed-waypoint/http-instance" time="0.050"></testcase>
		<testcase classname="ambient" name="TestServices/from_captured/to_service-addressed-waypoint/http-localhost" time="0.050"></testcase>
		<testcase classname="ambient" name="TestServices/from_captured/to_service-addressed-waypoint/tcp-for-http" time="0.040"></testcase>
		<testcase classname="ambient" name="TestServices/from_captured/to_captured" time="0.480"></testcase>
		<testcase classname="ambient" name="TestServices/from_captured/to_captured/http" time="0.030"></testcase>
		<testcase classname="ambient" name="TestServices/from_captured/to_captured/grpc" time="0.030"></testcase>
		<testcase classname="ambient" name="TestServices/from_captured/to_captured/http2" time="0.030"></testcase>
		<testcase classname="ambient" name="TestServices/from_captured/to_captured/tcp" time="0.030"></testcase>
		<testcase classname="ambient" name="TestServices/from_captured/to_captured/https" time="0.050"></testcase>
		<testcase classname="ambient" name="TestServices/from_captured/to_captured/tcp-server" time="0.030"></testcase>
		<testcase classname="ambient" name="TestServices/from_captured/to_captured/auto-tcp" time="0.030"></testcase>
		<testcase classname="ambient" name="TestServices/from_captured/to_captured/auto-http" time="0.030"></testcase>
		<testcase classname="ambient" name="TestServices/from_captured/to_captured/auto-http#01" time="0.030"></testcase>
		<testcase classname="ambient" name="TestServices/from_captured/to_captured/auto-grpc" time="0.040"></testcase>
		<testcase classname="ambient" name="TestServices/from_captured/to_captured/auto-https" time="0.050"></testcase>
		<testcase classname="ambient" name="TestServices/from_captured/to_captured/auto-https#01" time="0.050"></testcase>
		<testcase classname="ambient" name="TestServices/from_captured/to_captured/http-instance" time="0.030"></testcase>
		<testcase classname="ambient" name="TestServices/from_captured/to_captured/http-localhost" time="0.020"></testcase>
		<testcase classname="ambient" name="TestServices/from_captured/to_captured/tcp-for-http" time="0.030"></testcase>
		<testcase classname="ambient" name="TestServices/from_captured/to_uncaptured" time="0.500"></testcase>
		<testcase classname="ambient" name="TestServices/from_captured/to_uncaptured/http" time="0.030"></testcase>
		<testcase classname="ambient" name="TestServices/from_captured/to_uncaptured/grpc" time="0.030"></testcase>
		<testcase classname="ambient" name="TestServices/from_captured/to_uncaptured/http2" time="0.030"></testcase>
		<testcase classname="ambient" name="TestServices/from_captured/to_uncaptured/tcp" time="0.030"></testcase>
		<testcase classname="ambient" name="TestServices/from_captured/to_uncaptured/https" time="0.060"></testcase>
		<testcase classname="ambient" name="TestServices/from_captured/to_uncaptured/tcp-server" time="0.030"></testcase>
		<testcase classname="ambient" name="TestServices/from_captured/to_uncaptured/auto-tcp" time="0.030"></testcase>
		<testcase classname="ambient" name="TestServices/from_captured/to_uncaptured/auto-http" time="0.040"></testcase>
		<testcase classname="ambient" name="TestServices/from_captured/to_uncaptured/auto-http#01" time="0.030"></testcase>
		<testcase classname="ambient" name="TestServices/from_captured/to_uncaptured/auto-grpc" time="0.030"></testcase>
		<testcase classname="ambient" name="TestServices/from_captured/to_uncaptured/auto-https" time="0.050"></testcase>
		<testcase classname="ambient" name="TestServices/from_captured/to_uncaptured/auto-https#01" time="0.050"></testcase>
		<testcase classname="ambient" name="TestServices/from_captured/to_uncaptured/http-instance" time="0.030"></testcase>
		<testcase classname="ambient" name="TestServices/from_captured/to_uncaptured/http-localhost" time="0.020"></testcase>
		<testcase classname="ambient" name="TestServices/from_captured/to_uncaptured/tcp-for-http" time="0.030"></testcase>
		<testcase classname="ambient" name="TestServices/from_captured/to_sidecar" time="0.800"></testcase>
		<testcase classname="ambient" name="TestServices/from_captured/to_sidecar/http" time="0.050"></testcase>
		<testcase classname="ambient" name="TestServices/from_captured/to_sidecar/grpc" time="0.040"></testcase>
		<testcase classname="ambient" name="TestServices/from_captured/to_sidecar/http2" time="0.040"></testcase>
		<testcase classname="ambient" name="TestServices/from_captured/to_sidecar/tcp" time="0.040"></testcase>
		<testcase classname="ambient" name="TestServices/from_captured/to_sidecar/https" time="0.070"></testcase>
		<testcase classname="ambient" name="TestServices/from_captured/to_sidecar/tcp-server" time="0.040"></testcase>
		<testcase classname="ambient" name="TestServices/from_captured/to_sidecar/auto-tcp" time="0.040"></testcase>
		<testcase classname="ambient" name="TestServices/from_captured/to_sidecar/auto-http" time="0.040"></testcase>
		<testcase classname="ambient" name="TestServices/from_captured/to_sidecar/auto-http#01" time="0.030"></testcase>
		<testcase classname="ambient" name="TestServices/from_captured/to_sidecar/auto-grpc" time="0.050"></testcase>
		<testcase classname="ambient" name="TestServices/from_captured/to_sidecar/auto-https" time="0.090"></testcase>
		<testcase classname="ambient" name="TestServices/from_captured/to_sidecar/auto-https#01" time="0.060"></testcase>
		<testcase classname="ambient" name="TestServices/from_captured/to_sidecar/http-instance" time="0.030"></testcase>
		<testcase classname="ambient" name="TestServices/from_captured/to_sidecar/http-localhost" time="0.140"></testcase>
		<testcase classname="ambient" name="TestServices/from_captured/to_sidecar/tcp-for-http" time="0.030"></testcase>
		<testcase classname="ambient" name="TestServices/from_uncaptured" time="3.360"></testcase>
		<testcase classname="ambient" name="TestServices/from_uncaptured/to_workload-addressed-waypoint" time="0.680"></testcase>
		<testcase classname="ambient" name="TestServices/from_uncaptured/to_workload-addressed-waypoint/http" time="0.070"></testcase>
		<testcase classname="ambient" name="TestServices/from_uncaptured/to_workload-addressed-waypoint/grpc" time="0.040"></testcase>
		<testcase classname="ambient" name="TestServices/from_uncaptured/to_workload-addressed-waypoint/http2" time="0.040"></testcase>
		<testcase classname="ambient" name="TestServices/from_uncaptured/to_workload-addressed-waypoint/tcp" time="0.040"></testcase>
		<testcase classname="ambient" name="TestServices/from_uncaptured/to_workload-addressed-waypoint/https" time="0.060"></testcase>
		<testcase classname="ambient" name="TestServices/from_uncaptured/to_workload-addressed-waypoint/tcp-server" time="0.040"></testcase>
		<testcase classname="ambient" name="TestServices/from_uncaptured/to_workload-addressed-waypoint/auto-tcp" time="0.040"></testcase>
		<testcase classname="ambient" name="TestServices/from_uncaptured/to_workload-addressed-waypoint/auto-http" time="0.040"></testcase>
		<testcase classname="ambient" name="TestServices/from_uncaptured/to_workload-addressed-waypoint/auto-http#01" time="0.040"></testcase>
		<testcase classname="ambient" name="TestServices/from_uncaptured/to_workload-addressed-waypoint/auto-grpc" time="0.040"></testcase>
		<testcase classname="ambient" name="TestServices/from_uncaptured/to_workload-addressed-waypoint/auto-https" time="0.060"></testcase>
		<testcase classname="ambient" name="TestServices/from_uncaptured/to_workload-addressed-waypoint/auto-https#01" time="0.060"></testcase>
		<testcase classname="ambient" name="TestServices/from_uncaptured/to_workload-addressed-waypoint/http-instance" time="0.040"></testcase>
		<testcase classname="ambient" name="TestServices/from_uncaptured/to_workload-addressed-waypoint/http-localhost" time="0.040"></testcase>
		<testcase classname="ambient" name="TestServices/from_uncaptured/to_workload-addressed-waypoint/tcp-for-http" time="0.040"></testcase>
		<testcase classname="ambient" name="TestServices/from_uncaptured/to_service-addressed-waypoint" time="0.640"></testcase>
		<testcase classname="ambient" name="TestServices/from_uncaptured/to_service-addressed-waypoint/http" time="0.040"></testcase>
		<testcase classname="ambient" name="TestServices/from_uncaptured/to_service-addressed-waypoint/grpc" time="0.040"></testcase>
		<testcase classname="ambient" name="TestServices/from_uncaptured/to_service-addressed-waypoint/http2" time="0.040"></testcase>
		<testcase classname="ambient" name="TestServices/from_uncaptured/to_service-addressed-waypoint/tcp" time="0.040"></testcase>
		<testcase classname="ambient" name="TestServices/from_uncaptured/to_service-addressed-waypoint/https" time="0.060"></testcase>
		<testcase classname="ambient" name="TestServices/from_uncaptured/to_service-addressed-waypoint/tcp-server" time="0.010">
			<skipped message="    baseline_test.go:230: https://github.com/istio/istio/issues/55420"></skipped>
		</testcase>
		<testcase classname="ambient" name="TestServices/from_uncaptured/to_service-addressed-waypoint/auto-tcp" time="0.040"></testcase>
		<testcase classname="ambient" name="TestServices/from_uncaptured/to_service-addressed-waypoint/auto-http" time="0.040"></testcase>
		<testcase classname="ambient" name="TestServices/from_uncaptured/to_service-addressed-waypoint/auto-http#01" time="0.070"></testcase>
		<testcase classname="ambient" name="TestServices/from_uncaptured/to_service-addressed-waypoint/auto-grpc" time="0.040"></testcase>
		<testcase classname="ambient" name="TestServices/from_uncaptured/to_service-addressed-waypoint/auto-https" time="0.060"></testcase>
		<testcase classname="ambient" name="TestServices/from_uncaptured/to_service-addressed-waypoint/auto-https#01" time="0.060"></testcase>
		<testcase classname="ambient" name="TestServices/from_uncaptured/to_service-addressed-waypoint/http-instance" time="0.040"></testcase>
		<testcase classname="ambient" name="TestServices/from_uncaptured/to_service-addressed-waypoint/http-localhost" time="0.040"></testcase>
		<testcase classname="ambient" name="TestServices/from_uncaptured/to_service-addressed-waypoint/tcp-for-http" time="0.040"></testcase>
		<testcase classname="ambient" name="TestServices/from_uncaptured/to_captured" time="0.630"></testcase>
		<testcase classname="ambient" name="TestServices/from_uncaptured/to_captured/http" time="0.040"></testcase>
		<testcase classname="ambient" name="TestServices/from_uncaptured/to_captured/grpc" time="0.030"></testcase>
		<testcase classname="ambient" name="TestServices/from_uncaptured/to_captured/http2" time="0.040"></testcase>
		<testcase classname="ambient" name="TestServices/from_uncaptured/to_captured/tcp" time="0.040"></testcase>
		<testcase classname="ambient" name="TestServices/from_uncaptured/to_captured/https" time="0.070"></testcase>
		<testcase classname="ambient" name="TestServices/from_uncaptured/to_captured/tcp-server" time="0.040"></testcase>
		<testcase classname="ambient" name="TestServices/from_uncaptured/to_captured/auto-tcp" time="0.030"></testcase>
		<testcase classname="ambient" name="TestServices/from_uncaptured/to_captured/auto-http" time="0.040"></testcase>
		<testcase classname="ambient" name="TestServices/from_uncaptured/to_captured/auto-http#01" time="0.040"></testcase>
		<testcase classname="ambient" name="TestServices/from_uncaptured/to_captured/auto-grpc" time="0.030"></testcase>
		<testcase classname="ambient" name="TestServices/from_uncaptured/to_captured/auto-https" time="0.060"></testcase>
		<testcase classname="ambient" name="TestServices/from_uncaptured/to_captured/auto-https#01" time="0.060"></testcase>
		<testcase classname="ambient" name="TestServices/from_uncaptured/to_captured/http-instance" time="0.040"></testcase>
		<testcase classname="ambient" name="TestServices/from_uncaptured/to_captured/http-localhost" time="0.040"></testcase>
		<testcase classname="ambient" name="TestServices/from_uncaptured/to_captured/tcp-for-http" time="0.040"></testcase>
		<testcase classname="ambient" name="TestServices/from_uncaptured/to_uncaptured" time="0.710"></testcase>
		<testcase classname="ambient" name="TestServices/from_uncaptured/to_uncaptured/http" time="0.040"></testcase>
		<testcase classname="ambient" name="TestServices/from_uncaptured/to_uncaptured/grpc" time="0.040"></testcase>
		<testcase classname="ambient" name="TestServices/from_uncaptured/to_uncaptured/http2" time="0.060"></testcase>
		<testcase classname="ambient" name="TestServices/from_uncaptured/to_uncaptured/tcp" time="0.050"></testcase>
		<testcase classname="ambient" name="TestServices/from_uncaptured/to_uncaptured/https" time="0.080"></testcase>
		<testcase classname="ambient" name="TestServices/from_uncaptured/to_uncaptured/tcp-server" time="0.040"></testcase>
		<testcase classname="ambient" name="TestServices/from_uncaptured/to_uncaptured/auto-tcp" time="0.040"></testcase>
		<testcase classname="ambient" name="TestServices/from_uncaptured/to_uncaptured/auto-http" time="0.040"></testcase>
		<testcase classname="ambient" name="TestServices/from_uncaptured/to_uncaptured/auto-http#01" time="0.040"></testcase>
		<testcase classname="ambient" name="TestServices/from_uncaptured/to_uncaptured/auto-grpc" time="0.040"></testcase>
		<testcase classname="ambient" name="TestServices/from_uncaptured/to_uncaptured/auto-https" time="0.080"></testcase>
		<testcase classname="ambient" name="TestServices/from_uncaptured/to_uncaptured/auto-https#01" time="0.080"></testcase>
		<testcase classname="ambient" name="TestServices/from_uncaptured/to_uncaptured/http-instance" time="0.030"></testcase>
		<testcase classname="ambient" name="TestServices/from_uncaptured/to_uncaptured/http-localhost" time="0.030"></testcase>
		<testcase classname="ambient" name="TestServices/from_uncaptured/to_uncaptured/tcp-for-http" time="0.040"></testcase>
		<testcase classname="ambient" name="TestServices/from_uncaptured/to_sidecar" time="0.690"></testcase>
		<testcase classname="ambient" name="TestServices/from_uncaptured/to_sidecar/http" time="0.060"></testcase>
		<testcase classname="ambient" name="TestServices/from_uncaptured/to_sidecar/grpc" time="0.050"></testcase>
		<testcase classname="ambient" name="TestServices/from_uncaptured/to_sidecar/http2" time="0.030"></testcase>
		<testcase classname="ambient" name="TestServices/from_uncaptured/to_sidecar/tcp" time="0.030"></testcase>
		<testcase classname="ambient" name="TestServices/from_uncaptured/to_sidecar/https" time="0.050"></testcase>
		<testcase classname="ambient" name="TestServices/from_uncaptured/to_sidecar/tcp-server" time="0.010"></testcase>
		<testcase classname="ambient" name="TestServices/from_uncaptured/to_sidecar/auto-tcp" time="0.030"></testcase>
		<testcase classname="ambient" name="TestServices/from_uncaptured/to_sidecar/auto-http" time="0.030"></testcase>
		<testcase classname="ambient" name="TestServices/from_uncaptured/to_sidecar/auto-http#01" time="0.030"></testcase>
		<testcase classname="ambient" name="TestServices/from_uncaptured/to_sidecar/auto-grpc" time="0.040"></testcase>
		<testcase classname="ambient" name="TestServices/from_uncaptured/to_sidecar/auto-https" time="0.060"></testcase>
		<testcase classname="ambient" name="TestServices/from_uncaptured/to_sidecar/auto-https#01" time="0.060"></testcase>
		<testcase classname="ambient" name="TestServices/from_uncaptured/to_sidecar/http-instance" time="0.030"></testcase>
		<testcase classname="ambient" name="TestServices/from_uncaptured/to_sidecar/http-localhost" time="0.150"></testcase>
		<testcase classname="ambient" name="TestServices/from_uncaptured/to_sidecar/tcp-for-http" time="0.030"></testcase>
		<testcase classname="ambient" name="TestServices/from_sidecar" time="3.110"></testcase>
		<testcase classname="ambient" name="TestServices/from_sidecar/to_workload-addressed-waypoint" time="0.110"></testcase>
		<testcase classname="ambient" name="TestServices/from_sidecar/to_workload-addressed-waypoint/http" time="0.010">
			<skipped message="    baseline_test.go:212: https://github.com/istio/istio/pull/50182"></skipped>
		</testcase>
		<testcase classname="ambient" name="TestServices/from_sidecar/to_workload-addressed-waypoint/grpc" time="0.010">
			<skipped message="    baseline_test.go:212: https://github.com/istio/istio/pull/50182"></skipped>
		</testcase>
		<testcase classname="ambient" name="TestServices/from_sidecar/to_workload-addressed-waypoint/http2" time="0.010">
			<skipped message="    baseline_test.go:212: https://github.com/istio/istio/pull/50182"></skipped>
		</testcase>
		<testcase classname="ambient" name="TestServices/from_sidecar/to_workload-addressed-waypoint/tcp" time="0.010">
			<skipped message="    baseline_test.go:212: https://github.com/istio/istio/pull/50182"></skipped>
		</testcase>
		<testcase classname="ambient" name="TestServices/from_sidecar/to_workload-addressed-waypoint/https" time="0.010">
			<skipped message="    baseline_test.go:212: https://github.com/istio/istio/pull/50182"></skipped>
		</testcase>
		<testcase classname="ambient" name="TestServices/from_sidecar/to_workload-addressed-waypoint/tcp-server" time="0.010">
			<skipped message="    baseline_test.go:212: https://github.com/istio/istio/pull/50182"></skipped>
		</testcase>
		<testcase classname="ambient" name="TestServices/from_sidecar/to_workload-addressed-waypoint/auto-tcp" time="0.010">
			<skipped message="    baseline_test.go:212: https://github.com/istio/istio/pull/50182"></skipped>
		</testcase>
		<testcase classname="ambient" name="TestServices/from_sidecar/to_workload-addressed-waypoint/auto-http" time="0.010">
			<skipped message="    baseline_test.go:212: https://github.com/istio/istio/pull/50182"></skipped>
		</testcase>
		<testcase classname="ambient" name="TestServices/from_sidecar/to_workload-addressed-waypoint/auto-http#01" time="0.010">
			<skipped message="    baseline_test.go:212: https://github.com/istio/istio/pull/50182"></skipped>
		</testcase>
		<testcase classname="ambient" name="TestServices/from_sidecar/to_workload-addressed-waypoint/auto-grpc" time="0.010">
			<skipped message="    baseline_test.go:212: https://github.com/istio/istio/pull/50182"></skipped>
		</testcase>
		<testcase classname="ambient" name="TestServices/from_sidecar/to_workload-addressed-waypoint/auto-https" time="0.010">
			<skipped message="    baseline_test.go:212: https://github.com/istio/istio/pull/50182"></skipped>
		</testcase>
		<testcase classname="ambient" name="TestServices/from_sidecar/to_workload-addressed-waypoint/auto-https#01" time="0.010">
			<skipped message="    baseline_test.go:212: https://github.com/istio/istio/pull/50182"></skipped>
		</testcase>
		<testcase classname="ambient" name="TestServices/from_sidecar/to_workload-addressed-waypoint/http-instance" time="0.010">
			<skipped message="    baseline_test.go:212: https://github.com/istio/istio/pull/50182"></skipped>
		</testcase>
		<testcase classname="ambient" name="TestServices/from_sidecar/to_workload-addressed-waypoint/http-localhost" time="0.010">
			<skipped message="    baseline_test.go:212: https://github.com/istio/istio/pull/50182"></skipped>
		</testcase>
		<testcase classname="ambient" name="TestServices/from_sidecar/to_workload-addressed-waypoint/tcp-for-http" time="0.010">
			<skipped message="    baseline_test.go:212: https://github.com/istio/istio/pull/50182"></skipped>
		</testcase>
		<testcase classname="ambient" name="TestServices/from_sidecar/to_service-addressed-waypoint" time="0.560"></testcase>
		<testcase classname="ambient" name="TestServices/from_sidecar/to_service-addressed-waypoint/http" time="0.090"></testcase>
		<testcase classname="ambient" name="TestServices/from_sidecar/to_service-addressed-waypoint/grpc" time="0.040"></testcase>
		<testcase classname="ambient" name="TestServices/from_sidecar/to_service-addressed-waypoint/http2" time="0.030"></testcase>
		<testcase classname="ambient" name="TestServices/from_sidecar/to_service-addressed-waypoint/tcp" time="0.020"></testcase>
		<testcase classname="ambient" name="TestServices/from_sidecar/to_service-addressed-waypoint/https" time="0.040"></testcase>
		<testcase classname="ambient" name="TestServices/from_sidecar/to_service-addressed-waypoint/tcp-server" time="0.010">
			<skipped message="    baseline_test.go:230: https://github.com/istio/istio/issues/55420"></skipped>
		</testcase>
		<testcase classname="ambient" name="TestServices/from_sidecar/to_service-addressed-waypoint/auto-tcp" time="0.020"></testcase>
		<testcase classname="ambient" name="TestServices/from_sidecar/to_service-addressed-waypoint/auto-http" time="0.030"></testcase>
		<testcase classname="ambient" name="TestServices/from_sidecar/to_service-addressed-waypoint/auto-http#01" time="0.030"></testcase>
		<testcase classname="ambient" name="TestServices/from_sidecar/to_service-addressed-waypoint/auto-grpc" time="0.040"></testcase>
		<testcase classname="ambient" name="TestServices/from_sidecar/to_service-addressed-waypoint/auto-https" time="0.050"></testcase>
		<testcase classname="ambient" name="TestServices/from_sidecar/to_service-addressed-waypoint/auto-https#01" time="0.050"></testcase>
		<testcase classname="ambient" name="TestServices/from_sidecar/to_service-addressed-waypoint/http-instance" time="0.030"></testcase>
		<testcase classname="ambient" name="TestServices/from_sidecar/to_service-addressed-waypoint/http-localhost" time="0.050"></testcase>
		<testcase classname="ambient" name="TestServices/from_sidecar/to_service-addressed-waypoint/tcp-for-http" time="0.040"></testcase>
		<testcase classname="ambient" name="TestServices/from_sidecar/to_captured" time="0.800"></testcase>
		<testcase classname="ambient" name="TestServices/from_sidecar/to_captured/http" time="0.060"></testcase>
		<testcase classname="ambient" name="TestServices/from_sidecar/to_captured/grpc" time="0.050"></testcase>
		<testcase classname="ambient" name="TestServices/from_sidecar/to_captured/http2" time="0.040"></testcase>
		<testcase classname="ambient" name="TestServices/from_sidecar/to_captured/tcp" time="0.040"></testcase>
		<testcase classname="ambient" name="TestServices/from_sidecar/to_captured/https" time="0.060"></testcase>
		<testcase classname="ambient" name="TestServices/from_sidecar/to_captured/tcp-server" time="0.060"></testcase>
		<testcase classname="ambient" name="TestServices/from_sidecar/to_captured/auto-tcp" time="0.040"></testcase>
		<testcase classname="ambient" name="TestServices/from_sidecar/to_captured/auto-http" time="0.050"></testcase>
		<testcase classname="ambient" name="TestServices/from_sidecar/to_captured/auto-http#01" time="0.050"></testcase>
		<testcase classname="ambient" name="TestServices/from_sidecar/to_captured/auto-grpc" time="0.070"></testcase>
		<testcase classname="ambient" name="TestServices/from_sidecar/to_captured/auto-https" time="0.080"></testcase>
		<testcase classname="ambient" name="TestServices/from_sidecar/to_captured/auto-https#01" time="0.070"></testcase>
		<testcase classname="ambient" name="TestServices/from_sidecar/to_captured/http-instance" time="0.040"></testcase>
		<testcase classname="ambient" name="TestServices/from_sidecar/to_captured/http-localhost" time="0.050"></testcase>
		<testcase classname="ambient" name="TestServices/from_sidecar/to_captured/tcp-for-http" time="0.040"></testcase>
		<testcase classname="ambient" name="TestServices/from_sidecar/to_uncaptured" time="0.700"></testcase>
		<testcase classname="ambient" name="TestServices/from_sidecar/to_uncaptured/http" time="0.050"></testcase>
		<testcase classname="ambient" name="TestServices/from_sidecar/to_uncaptured/grpc" time="0.050"></testcase>
		<testcase classname="ambient" name="TestServices/from_sidecar/to_uncaptured/http2" time="0.040"></testcase>
		<testcase classname="ambient" name="TestServices/from_sidecar/to_uncaptured/tcp" time="0.030"></testcase>
		<testcase classname="ambient" name="TestServices/from_sidecar/to_uncaptured/https" time="0.060"></testcase>
		<testcase classname="ambient" name="TestServices/from_sidecar/to_uncaptured/tcp-server" time="0.030"></testcase>
		<testcase classname="ambient" name="TestServices/from_sidecar/to_uncaptured/auto-tcp" time="0.030"></testcase>
		<testcase classname="ambient" name="TestServices/from_sidecar/to_uncaptured/auto-http" time="0.030"></testcase>
		<testcase classname="ambient" name="TestServices/from_sidecar/to_uncaptured/auto-http#01" time="0.030"></testcase>
		<testcase classname="ambient" name="TestServices/from_sidecar/to_uncaptured/auto-grpc" time="0.040"></testcase>
		<testcase classname="ambient" name="TestServices/from_sidecar/to_uncaptured/auto-https" time="0.050"></testcase>
		<testcase classname="ambient" name="TestServices/from_sidecar/to_uncaptured/auto-https#01" time="0.060"></testcase>
		<testcase classname="ambient" name="TestServices/from_sidecar/to_uncaptured/http-instance" time="0.030"></testcase>
		<testcase classname="ambient" name="TestServices/from_sidecar/to_uncaptured/http-localhost" time="0.150"></testcase>
		<testcase classname="ambient" name="TestServices/from_sidecar/to_uncaptured/tcp-for-http" time="0.030"></testcase>
		<testcase classname="ambient" name="TestServices/from_sidecar/to_sidecar" time="0.940"></testcase>
		<testcase classname="ambient" name="TestServices/from_sidecar/to_sidecar/http" time="0.080"></testcase>
		<testcase classname="ambient" name="TestServices/from_sidecar/to_sidecar/grpc" time="0.070"></testcase>
		<testcase classname="ambient" name="TestServices/from_sidecar/to_sidecar/http2" time="0.040"></testcase>
		<testcase classname="ambient" name="TestServices/from_sidecar/to_sidecar/tcp" time="0.050"></testcase>
		<testcase classname="ambient" name="TestServices/from_sidecar/to_sidecar/https" time="0.070"></testcase>
		<testcase classname="ambient" name="TestServices/from_sidecar/to_sidecar/tcp-server" time="0.040"></testcase>
		<testcase classname="ambient" name="TestServices/from_sidecar/to_sidecar/auto-tcp" time="0.040"></testcase>
		<testcase classname="ambient" name="TestServices/from_sidecar/to_sidecar/auto-http" time="0.050"></testcase>
		<testcase classname="ambient" name="TestServices/from_sidecar/to_sidecar/auto-http#01" time="0.050"></testcase>
		<testcase classname="ambient" name="TestServices/from_sidecar/to_sidecar/auto-grpc" time="0.050"></testcase>
		<testcase classname="ambient" name="TestServices/from_sidecar/to_sidecar/auto-https" time="0.060"></testcase>
		<testcase classname="ambient" name="TestServices/from_sidecar/to_sidecar/auto-https#01" time="0.060"></testcase>
		<testcase classname="ambient" name="TestServices/from_sidecar/to_sidecar/http-instance" time="0.050"></testcase>
		<testcase classname="ambient" name="TestServices/from_sidecar/to_sidecar/http-localhost" time="0.170"></testcase>
		<testcase classname="ambient" name="TestServices/from_sidecar/to_sidecar/tcp-for-http" time="0.050"></testcase>
		<testcase classname="ambient" name="TestPodIP" time="3.390"></testcase>
		<testcase classname="ambient" name="TestPodIP/from_workload-addressed-waypoint_10.132.0.42" time="0.480"></testcase>
		<testcase classname="ambient" name="TestPodIP/from_workload-addressed-waypoint_10.132.0.42/to_workload-addressed-waypoint_10.132.0.42" time="0.020"></testcase>
		<testcase classname="ambient" name="TestPodIP/from_workload-addressed-waypoint_10.132.0.42/to_workload-addressed-waypoint_10.132.0.42/http" time="0.020"></testcase>
		<testcase classname="ambient" name="TestPodIP/from_workload-addressed-waypoint_10.132.0.42/to_workload-addressed-waypoint_10.132.0.42/tcp" time="0.030"></testcase>
		<testcase classname="ambient" name="TestPodIP/from_workload-addressed-waypoint_10.132.0.42/to_workload-addressed-waypoint_10.132.0.44" time="0.020"></testcase>
		<testcase classname="ambient" name="TestPodIP/from_workload-addressed-waypoint_10.132.0.42/to_workload-addressed-waypoint_10.132.0.44/http" time="0.030"></testcase>
		<testcase classname="ambient" name="TestPodIP/from_workload-addressed-waypoint_10.132.0.42/to_workload-addressed-waypoint_10.132.0.44/tcp" time="0.050"></testcase>
		<testcase classname="ambient" name="TestPodIP/from_workload-addressed-waypoint_10.132.0.42/to_service-addressed-waypoint_10.132.0.41" time="0.040"></testcase>
		<testcase classname="ambient" name="TestPodIP/from_workload-addressed-waypoint_10.132.0.42/to_service-addressed-waypoint_10.132.0.41/http" time="0.050"></testcase>
		<testcase classname="ambient" name="TestPodIP/from_workload-addressed-waypoint_10.132.0.42/to_service-addressed-waypoint_10.132.0.41/tcp" time="0.050"></testcase>
		<testcase classname="ambient" name="TestPodIP/from_workload-addressed-waypoint_10.132.0.42/to_service-addressed-waypoint_10.132.0.46" time="0.020"></testcase>
		<testcase classname="ambient" name="TestPodIP/from_workload-addressed-waypoint_10.132.0.42/to_service-addressed-waypoint_10.132.0.46/http" time="0.010"></testcase>
		<testcase classname="ambient" name="TestPodIP/from_workload-addressed-waypoint_10.132.0.42/to_service-addressed-waypoint_10.132.0.46/tcp" time="0.020"></testcase>
		<testcase classname="ambient" name="TestPodIP/from_workload-addressed-waypoint_10.132.0.42/to_captured_10.132.0.45" time="0.020"></testcase>
		<testcase classname="ambient" name="TestPodIP/from_workload-addressed-waypoint_10.132.0.42/to_captured_10.132.0.45/http" time="0.010"></testcase>
		<testcase classname="ambient" name="TestPodIP/from_workload-addressed-waypoint_10.132.0.42/to_captured_10.132.0.45/tcp" time="0.020"></testcase>
		<testcase classname="ambient" name="TestPodIP/from_workload-addressed-waypoint_10.132.0.42/to_captured_10.132.0.50" time="0.030"></testcase>
		<testcase classname="ambient" name="TestPodIP/from_workload-addressed-waypoint_10.132.0.42/to_captured_10.132.0.50/http" time="0.010"></testcase>
		<testcase classname="ambient" name="TestPodIP/from_workload-addressed-waypoint_10.132.0.42/to_captured_10.132.0.50/tcp" time="0.020"></testcase>
		<testcase classname="ambient" name="TestPodIP/from_workload-addressed-waypoint_10.132.0.42/to_uncaptured_10.132.0.43" time="0.020"></testcase>
		<testcase classname="ambient" name="TestPodIP/from_workload-addressed-waypoint_10.132.0.42/to_uncaptured_10.132.0.43/http" time="0.010"></testcase>
		<testcase classname="ambient" name="TestPodIP/from_workload-addressed-waypoint_10.132.0.42/to_uncaptured_10.132.0.43/tcp" time="0.020"></testcase>
		<testcase classname="ambient" name="TestPodIP/from_workload-addressed-waypoint_10.132.0.42/to_uncaptured_10.132.0.47" time="0.020"></testcase>
		<testcase classname="ambient" name="TestPodIP/from_workload-addressed-waypoint_10.132.0.42/to_uncaptured_10.132.0.47/http" time="0.020"></testcase>
		<testcase classname="ambient" name="TestPodIP/from_workload-addressed-waypoint_10.132.0.42/to_uncaptured_10.132.0.47/tcp" time="0.020"></testcase>
		<testcase classname="ambient" name="TestPodIP/from_workload-addressed-waypoint_10.132.0.42/to_sidecar_10.132.0.48" time="0.020"></testcase>
		<testcase classname="ambient" name="TestPodIP/from_workload-addressed-waypoint_10.132.0.42/to_sidecar_10.132.0.48/http" time="0.010"></testcase>
		<testcase classname="ambient" name="TestPodIP/from_workload-addressed-waypoint_10.132.0.42/to_sidecar_10.132.0.48/tcp" time="0.020"></testcase>
		<testcase classname="ambient" name="TestPodIP/from_workload-addressed-waypoint_10.132.0.42/to_sidecar_10.132.0.51" time="0.020"></testcase>
		<testcase classname="ambient" name="TestPodIP/from_workload-addressed-waypoint_10.132.0.42/to_sidecar_10.132.0.51/http" time="0.010"></testcase>
		<testcase classname="ambient" name="TestPodIP/from_workload-addressed-waypoint_10.132.0.42/to_sidecar_10.132.0.51/tcp" time="0.020"></testcase>
		<testcase classname="ambient" name="TestPodIP/from_workload-addressed-waypoint_10.132.0.44" time="0.430"></testcase>
		<testcase classname="ambient" name="TestPodIP/from_workload-addressed-waypoint_10.132.0.44/to_workload-addressed-waypoint_10.132.0.42" time="0.020"></testcase>
		<testcase classname="ambient" name="TestPodIP/from_workload-addressed-waypoint_10.132.0.44/to_workload-addressed-waypoint_10.132.0.42/http" time="0.040"></testcase>
		<testcase classname="ambient" name="TestPodIP/from_workload-addressed-waypoint_10.132.0.44/to_workload-addressed-waypoint_10.132.0.42/tcp" time="0.040"></testcase>
		<testcase classname="ambient" name="TestPodIP/from_workload-addressed-waypoint_10.132.0.44/to_workload-addressed-waypoint_10.132.0.44" time="0.030"></testcase>
		<testcase classname="ambient" name="TestPodIP/from_workload-addressed-waypoint_10.132.0.44/to_workload-addressed-waypoint_10.132.0.44/http" time="0.010"></testcase>
		<testcase classname="ambient" name="TestPodIP/from_workload-addressed-waypoint_10.132.0.44/to_workload-addressed-waypoint_10.132.0.44/tcp" time="0.010"></testcase>
		<testcase classname="ambient" name="TestPodIP/from_workload-addressed-waypoint_10.132.0.44/to_service-addressed-waypoint_10.132.0.41" time="0.020"></testcase>
		<testcase classname="ambient" name="TestPodIP/from_workload-addressed-waypoint_10.132.0.44/to_service-addressed-waypoint_10.132.0.41/http" time="0.010"></testcase>
		<testcase classname="ambient" name="TestPodIP/from_workload-addressed-waypoint_10.132.0.44/to_service-addressed-waypoint_10.132.0.41/tcp" time="0.020"></testcase>
		<testcase classname="ambient" name="TestPodIP/from_workload-addressed-waypoint_10.132.0.44/to_service-addressed-waypoint_10.132.0.46" time="0.020"></testcase>
		<testcase classname="ambient" name="TestPodIP/from_workload-addressed-waypoint_10.132.0.44/to_service-addressed-waypoint_10.132.0.46/http" time="0.010"></testcase>
		<testcase classname="ambient" name="TestPodIP/from_workload-addressed-waypoint_10.132.0.44/to_service-addressed-waypoint_10.132.0.46/tcp" time="0.020"></testcase>
		<testcase classname="ambient" name="TestPodIP/from_workload-addressed-waypoint_10.132.0.44/to_captured_10.132.0.45" time="0.020"></testcase>
		<testcase classname="ambient" name="TestPodIP/from_workload-addressed-waypoint_10.132.0.44/to_captured_10.132.0.45/http" time="0.010"></testcase>
		<testcase classname="ambient" name="TestPodIP/from_workload-addressed-waypoint_10.132.0.44/to_captured_10.132.0.45/tcp" time="0.020"></testcase>
		<testcase classname="ambient" name="TestPodIP/from_workload-addressed-waypoint_10.132.0.44/to_captured_10.132.0.50" time="0.020"></testcase>
		<testcase classname="ambient" name="TestPodIP/from_workload-addressed-waypoint_10.132.0.44/to_captured_10.132.0.50/http" time="0.010"></testcase>
		<testcase classname="ambient" name="TestPodIP/from_workload-addressed-waypoint_10.132.0.44/to_captured_10.132.0.50/tcp" time="0.020"></testcase>
		<testcase classname="ambient" name="TestPodIP/from_workload-addressed-waypoint_10.132.0.44/to_uncaptured_10.132.0.43" time="0.020"></testcase>
		<testcase classname="ambient" name="TestPodIP/from_workload-addressed-waypoint_10.132.0.44/to_uncaptured_10.132.0.43/http" time="0.010"></testcase>
		<testcase classname="ambient" name="TestPodIP/from_workload-addressed-waypoint_10.132.0.44/to_uncaptured_10.132.0.43/tcp" time="0.020"></testcase>
		<testcase classname="ambient" name="TestPodIP/from_workload-addressed-waypoint_10.132.0.44/to_uncaptured_10.132.0.47" time="0.020"></testcase>
		<testcase classname="ambient" name="TestPodIP/from_workload-addressed-waypoint_10.132.0.44/to_uncaptured_10.132.0.47/http" time="0.010"></testcase>
		<testcase classname="ambient" name="TestPodIP/from_workload-addressed-waypoint_10.132.0.44/to_uncaptured_10.132.0.47/tcp" time="0.020"></testcase>
		<testcase classname="ambient" name="TestPodIP/from_workload-addressed-waypoint_10.132.0.44/to_sidecar_10.132.0.48" time="0.020"></testcase>
		<testcase classname="ambient" name="TestPodIP/from_workload-addressed-waypoint_10.132.0.44/to_sidecar_10.132.0.48/http" time="0.010"></testcase>
		<testcase classname="ambient" name="TestPodIP/from_workload-addressed-waypoint_10.132.0.44/to_sidecar_10.132.0.48/tcp" time="0.020"></testcase>
		<testcase classname="ambient" name="TestPodIP/from_workload-addressed-waypoint_10.132.0.44/to_sidecar_10.132.0.51" time="0.020"></testcase>
		<testcase classname="ambient" name="TestPodIP/from_workload-addressed-waypoint_10.132.0.44/to_sidecar_10.132.0.51/http" time="0.010"></testcase>
		<testcase classname="ambient" name="TestPodIP/from_workload-addressed-waypoint_10.132.0.44/to_sidecar_10.132.0.51/tcp" time="0.020"></testcase>
		<testcase classname="ambient" name="TestPodIP/from_service-addressed-waypoint_10.132.0.41" time="0.400"></testcase>
		<testcase classname="ambient" name="TestPodIP/from_service-addressed-waypoint_10.132.0.41/to_workload-addressed-waypoint_10.132.0.42" time="0.030"></testcase>
		<testcase classname="ambient" name="TestPodIP/from_service-addressed-waypoint_10.132.0.41/to_workload-addressed-waypoint_10.132.0.42/http" time="0.030"></testcase>
		<testcase classname="ambient" name="TestPodIP/from_service-addressed-waypoint_10.132.0.41/to_workload-addressed-waypoint_10.132.0.42/tcp" time="0.040"></testcase>
		<testcase classname="ambient" name="TestPodIP/from_service-addressed-waypoint_10.132.0.41/to_workload-addressed-waypoint_10.132.0.44" time="0.020"></testcase>
		<testcase classname="ambient" name="TestPodIP/from_service-addressed-waypoint_10.132.0.41/to_workload-addressed-waypoint_10.132.0.44/http" time="0.010"></testcase>
		<testcase classname="ambient" name="TestPodIP/from_service-addressed-waypoint_10.132.0.41/to_workload-addressed-waypoint_10.132.0.44/tcp" time="0.020"></testcase>
		<testcase classname="ambient" name="TestPodIP/from_service-addressed-waypoint_10.132.0.41/to_service-addressed-waypoint_10.132.0.41" time="0.020"></testcase>
		<testcase classname="ambient" name="TestPodIP/from_service-addressed-waypoint_10.132.0.41/to_service-addressed-waypoint_10.132.0.41/http" time="0.010"></testcase>
		<testcase classname="ambient" name="TestPodIP/from_service-addressed-waypoint_10.132.0.41/to_service-addressed-waypoint_10.132.0.41/tcp" time="0.010"></testcase>
		<testcase classname="ambient" name="TestPodIP/from_service-addressed-waypoint_10.132.0.41/to_service-addressed-waypoint_10.132.0.46" time="0.020"></testcase>
		<testcase classname="ambient" name="TestPodIP/from_service-addressed-waypoint_10.132.0.41/to_service-addressed-waypoint_10.132.0.46/http" time="0.010"></testcase>
		<testcase classname="ambient" name="TestPodIP/from_service-addressed-waypoint_10.132.0.41/to_service-addressed-waypoint_10.132.0.46/tcp" time="0.020"></testcase>
		<testcase classname="ambient" name="TestPodIP/from_service-addressed-waypoint_10.132.0.41/to_captured_10.132.0.45" time="0.020"></testcase>
		<testcase classname="ambient" name="TestPodIP/from_service-addressed-waypoint_10.132.0.41/to_captured_10.132.0.45/http" time="0.010"></testcase>
		<testcase classname="ambient" name="TestPodIP/from_service-addressed-waypoint_10.132.0.41/to_captured_10.132.0.45/tcp" time="0.020"></testcase>
		<testcase classname="ambient" name="TestPodIP/from_service-addressed-waypoint_10.132.0.41/to_captured_10.132.0.50" time="0.020"></testcase>
		<testcase classname="ambient" name="TestPodIP/from_service-addressed-waypoint_10.132.0.41/to_captured_10.132.0.50/http" time="0.010"></testcase>
		<testcase classname="ambient" name="TestPodIP/from_service-addressed-waypoint_10.132.0.41/to_captured_10.132.0.50/tcp" time="0.020"></testcase>
		<testcase classname="ambient" name="TestPodIP/from_service-addressed-waypoint_10.132.0.41/to_uncaptured_10.132.0.43" time="0.020"></testcase>
		<testcase classname="ambient" name="TestPodIP/from_service-addressed-waypoint_10.132.0.41/to_uncaptured_10.132.0.43/http" time="0.010"></testcase>
		<testcase classname="ambient" name="TestPodIP/from_service-addressed-waypoint_10.132.0.41/to_uncaptured_10.132.0.43/tcp" time="0.020"></testcase>
		<testcase classname="ambient" name="TestPodIP/from_service-addressed-waypoint_10.132.0.41/to_uncaptured_10.132.0.47" time="0.020"></testcase>
		<testcase classname="ambient" name="TestPodIP/from_service-addressed-waypoint_10.132.0.41/to_uncaptured_10.132.0.47/http" time="0.010"></testcase>
		<testcase classname="ambient" name="TestPodIP/from_service-addressed-waypoint_10.132.0.41/to_uncaptured_10.132.0.47/tcp" time="0.020"></testcase>
		<testcase classname="ambient" name="TestPodIP/from_service-addressed-waypoint_10.132.0.41/to_sidecar_10.132.0.48" time="0.020"></testcase>
		<testcase classname="ambient" name="TestPodIP/from_service-addressed-waypoint_10.132.0.41/to_sidecar_10.132.0.48/http" time="0.010"></testcase>
		<testcase classname="ambient" name="TestPodIP/from_service-addressed-waypoint_10.132.0.41/to_sidecar_10.132.0.48/tcp" time="0.020"></testcase>
		<testcase classname="ambient" name="TestPodIP/from_service-addressed-waypoint_10.132.0.41/to_sidecar_10.132.0.51" time="0.020"></testcase>
		<testcase classname="ambient" name="TestPodIP/from_service-addressed-waypoint_10.132.0.41/to_sidecar_10.132.0.51/http" time="0.010"></testcase>
		<testcase classname="ambient" name="TestPodIP/from_service-addressed-waypoint_10.132.0.41/to_sidecar_10.132.0.51/tcp" time="0.020"></testcase>
		<testcase classname="ambient" name="TestPodIP/from_service-addressed-waypoint_10.132.0.46" time="0.410"></testcase>
		<testcase classname="ambient" name="TestPodIP/from_service-addressed-waypoint_10.132.0.46/to_workload-addressed-waypoint_10.132.0.42" time="0.020"></testcase>
		<testcase classname="ambient" name="TestPodIP/from_service-addressed-waypoint_10.132.0.46/to_workload-addressed-waypoint_10.132.0.42/http" time="0.030"></testcase>
		<testcase classname="ambient" name="TestPodIP/from_service-addressed-waypoint_10.132.0.46/to_workload-addressed-waypoint_10.132.0.42/tcp" time="0.030"></testcase>
		<testcase classname="ambient" name="TestPodIP/from_service-addressed-waypoint_10.132.0.46/to_workload-addressed-waypoint_10.132.0.44" time="0.020"></testcase>
		<testcase classname="ambient" name="TestPodIP/from_service-addressed-waypoint_10.132.0.46/to_workload-addressed-waypoint_10.132.0.44/http" time="0.020"></testcase>
		<testcase classname="ambient" name="TestPodIP/from_service-addressed-waypoint_10.132.0.46/to_workload-addressed-waypoint_10.132.0.44/tcp" time="0.020"></testcase>
		<testcase classname="ambient" name="TestPodIP/from_service-addressed-waypoint_10.132.0.46/to_service-addressed-waypoint_10.132.0.41" time="0.020"></testcase>
		<testcase classname="ambient" name="TestPodIP/from_service-addressed-waypoint_10.132.0.46/to_service-addressed-waypoint_10.132.0.41/http" time="0.010"></testcase>
		<testcase classname="ambient" name="TestPodIP/from_service-addressed-waypoint_10.132.0.46/to_service-addressed-waypoint_10.132.0.41/tcp" time="0.020"></testcase>
		<testcase classname="ambient" name="TestPodIP/from_service-addressed-waypoint_10.132.0.46/to_service-addressed-waypoint_10.132.0.46" time="0.020"></testcase>
		<testcase classname="ambient" name="TestPodIP/from_service-addressed-waypoint_10.132.0.46/to_service-addressed-waypoint_10.132.0.46/http" time="0.010"></testcase>
		<testcase classname="ambient" name="TestPodIP/from_service-addressed-waypoint_10.132.0.46/to_service-addressed-waypoint_10.132.0.46/tcp" time="0.020"></testcase>
		<testcase classname="ambient" name="TestPodIP/from_service-addressed-waypoint_10.132.0.46/to_captured_10.132.0.45" time="0.020"></testcase>
		<testcase classname="ambient" name="TestPodIP/from_service-addressed-waypoint_10.132.0.46/to_captured_10.132.0.45/http" time="0.010"></testcase>
		<testcase classname="ambient" name="TestPodIP/from_service-addressed-waypoint_10.132.0.46/to_captured_10.132.0.45/tcp" time="0.020"></testcase>
		<testcase classname="ambient" name="TestPodIP/from_service-addressed-waypoint_10.132.0.46/to_captured_10.132.0.50" time="0.020"></testcase>
		<testcase classname="ambient" name="TestPodIP/from_service-addressed-waypoint_10.132.0.46/to_captured_10.132.0.50/http" time="0.010"></testcase>
		<testcase classname="ambient" name="TestPodIP/from_service-addressed-waypoint_10.132.0.46/to_captured_10.132.0.50/tcp" time="0.020"></testcase>
		<testcase classname="ambient" name="TestPodIP/from_service-addressed-waypoint_10.132.0.46/to_uncaptured_10.132.0.43" time="0.020"></testcase>
		<testcase classname="ambient" name="TestPodIP/from_service-addressed-waypoint_10.132.0.46/to_uncaptured_10.132.0.43/http" time="0.010"></testcase>
		<testcase classname="ambient" name="TestPodIP/from_service-addressed-waypoint_10.132.0.46/to_uncaptured_10.132.0.43/tcp" time="0.010"></testcase>
		<testcase classname="ambient" name="TestPodIP/from_service-addressed-waypoint_10.132.0.46/to_uncaptured_10.132.0.47" time="0.020"></testcase>
		<testcase classname="ambient" name="TestPodIP/from_service-addressed-waypoint_10.132.0.46/to_uncaptured_10.132.0.47/http" time="0.010"></testcase>
		<testcase classname="ambient" name="TestPodIP/from_service-addressed-waypoint_10.132.0.46/to_uncaptured_10.132.0.47/tcp" time="0.020"></testcase>
		<testcase classname="ambient" name="TestPodIP/from_service-addressed-waypoint_10.132.0.46/to_sidecar_10.132.0.48" time="0.020"></testcase>
		<testcase classname="ambient" name="TestPodIP/from_service-addressed-waypoint_10.132.0.46/to_sidecar_10.132.0.48/http" time="0.020"></testcase>
		<testcase classname="ambient" name="TestPodIP/from_service-addressed-waypoint_10.132.0.46/to_sidecar_10.132.0.48/tcp" time="0.020"></testcase>
		<testcase classname="ambient" name="TestPodIP/from_service-addressed-waypoint_10.132.0.46/to_sidecar_10.132.0.51" time="0.020"></testcase>
		<testcase classname="ambient" name="TestPodIP/from_service-addressed-waypoint_10.132.0.46/to_sidecar_10.132.0.51/http" time="0.010"></testcase>
		<testcase classname="ambient" name="TestPodIP/from_service-addressed-waypoint_10.132.0.46/to_sidecar_10.132.0.51/tcp" time="0.020"></testcase>
		<testcase classname="ambient" name="TestPodIP/from_captured_10.132.0.45" time="0.400"></testcase>
		<testcase classname="ambient" name="TestPodIP/from_captured_10.132.0.45/to_workload-addressed-waypoint_10.132.0.42" time="0.020"></testcase>
		<testcase classname="ambient" name="TestPodIP/from_captured_10.132.0.45/to_workload-addressed-waypoint_10.132.0.42/http" time="0.020"></testcase>
		<testcase classname="ambient" name="TestPodIP/from_captured_10.132.0.45/to_workload-addressed-waypoint_10.132.0.42/tcp" time="0.030"></testcase>
		<testcase classname="ambient" name="TestPodIP/from_captured_10.132.0.45/to_workload-addressed-waypoint_10.132.0.44" time="0.020"></testcase>
		<testcase classname="ambient" name="TestPodIP/from_captured_10.132.0.45/to_workload-addressed-waypoint_10.132.0.44/http" time="0.010"></testcase>
		<testcase classname="ambient" name="TestPodIP/from_captured_10.132.0.45/to_workload-addressed-waypoint_10.132.0.44/tcp" time="0.020"></testcase>
		<testcase classname="ambient" name="TestPodIP/from_captured_10.132.0.45/to_service-addressed-waypoint_10.132.0.41" time="0.020"></testcase>
		<testcase classname="ambient" name="TestPodIP/from_captured_10.132.0.45/to_service-addressed-waypoint_10.132.0.41/http" time="0.010"></testcase>
		<testcase classname="ambient" name="TestPodIP/from_captured_10.132.0.45/to_service-addressed-waypoint_10.132.0.41/tcp" time="0.020"></testcase>
		<testcase classname="ambient" name="TestPodIP/from_captured_10.132.0.45/to_service-addressed-waypoint_10.132.0.46" time="0.020"></testcase>
		<testcase classname="ambient" name="TestPodIP/from_captured_10.132.0.45/to_service-addressed-waypoint_10.132.0.46/http" time="0.010"></testcase>
		<testcase classname="ambient" name="TestPodIP/from_captured_10.132.0.45/to_service-addressed-waypoint_10.132.0.46/tcp" time="0.020"></testcase>
		<testcase classname="ambient" name="TestPodIP/from_captured_10.132.0.45/to_captured_10.132.0.45" time="0.020"></testcase>
		<testcase classname="ambient" name="TestPodIP/from_captured_10.132.0.45/to_captured_10.132.0.45/http" time="0.010"></testcase>
		<testcase classname="ambient" name="TestPodIP/from_captured_10.132.0.45/to_captured_10.132.0.45/tcp" time="0.010"></testcase>
		<testcase classname="ambient" name="TestPodIP/from_captured_10.132.0.45/to_captured_10.132.0.50" time="0.020"></testcase>
		<testcase classname="ambient" name="TestPodIP/from_captured_10.132.0.45/to_captured_10.132.0.50/http" time="0.010"></testcase>
		<testcase classname="ambient" name="TestPodIP/from_captured_10.132.0.45/to_captured_10.132.0.50/tcp" time="0.020"></testcase>
		<testcase classname="ambient" name="TestPodIP/from_captured_10.132.0.45/to_uncaptured_10.132.0.43" time="0.020"></testcase>
		<testcase classname="ambient" name="TestPodIP/from_captured_10.132.0.45/to_uncaptured_10.132.0.43/http" time="0.010"></testcase>
		<testcase classname="ambient" name="TestPodIP/from_captured_10.132.0.45/to_uncaptured_10.132.0.43/tcp" time="0.010"></testcase>
		<testcase classname="ambient" name="TestPodIP/from_captured_10.132.0.45/to_uncaptured_10.132.0.47" time="0.020"></testcase>
		<testcase classname="ambient" name="TestPodIP/from_captured_10.132.0.45/to_uncaptured_10.132.0.47/http" time="0.010"></testcase>
		<testcase classname="ambient" name="TestPodIP/from_captured_10.132.0.45/to_uncaptured_10.132.0.47/tcp" time="0.020"></testcase>
		<testcase classname="ambient" name="TestPodIP/from_captured_10.132.0.45/to_sidecar_10.132.0.48" time="0.020"></testcase>
		<testcase classname="ambient" name="TestPodIP/from_captured_10.132.0.45/to_sidecar_10.132.0.48/http" time="0.010"></testcase>
		<testcase classname="ambient" name="TestPodIP/from_captured_10.132.0.45/to_sidecar_10.132.0.48/tcp" time="0.020"></testcase>
		<testcase classname="ambient" name="TestPodIP/from_captured_10.132.0.45/to_sidecar_10.132.0.51" time="0.020"></testcase>
		<testcase classname="ambient" name="TestPodIP/from_captured_10.132.0.45/to_sidecar_10.132.0.51/http" time="0.010"></testcase>
		<testcase classname="ambient" name="TestPodIP/from_captured_10.132.0.45/to_sidecar_10.132.0.51/tcp" time="0.020"></testcase>
		<testcase classname="ambient" name="TestPodIP/from_captured_10.132.0.50" time="0.420"></testcase>
		<testcase classname="ambient" name="TestPodIP/from_captured_10.132.0.50/to_workload-addressed-waypoint_10.132.0.42" time="0.020"></testcase>
		<testcase classname="ambient" name="TestPodIP/from_captured_10.132.0.50/to_workload-addressed-waypoint_10.132.0.42/http" time="0.030"></testcase>
		<testcase classname="ambient" name="TestPodIP/from_captured_10.132.0.50/to_workload-addressed-waypoint_10.132.0.42/tcp" time="0.040"></testcase>
		<testcase classname="ambient" name="TestPodIP/from_captured_10.132.0.50/to_workload-addressed-waypoint_10.132.0.44" time="0.020"></testcase>
		<testcase classname="ambient" name="TestPodIP/from_captured_10.132.0.50/to_workload-addressed-waypoint_10.132.0.44/http" time="0.010"></testcase>
		<testcase classname="ambient" name="TestPodIP/from_captured_10.132.0.50/to_workload-addressed-waypoint_10.132.0.44/tcp" time="0.020"></testcase>
		<testcase classname="ambient" name="TestPodIP/from_captured_10.132.0.50/to_service-addressed-waypoint_10.132.0.41" time="0.020"></testcase>
		<testcase classname="ambient" name="TestPodIP/from_captured_10.132.0.50/to_service-addressed-waypoint_10.132.0.41/http" time="0.010"></testcase>
		<testcase classname="ambient" name="TestPodIP/from_captured_10.132.0.50/to_service-addressed-waypoint_10.132.0.41/tcp" time="0.020"></testcase>
		<testcase classname="ambient" name="TestPodIP/from_captured_10.132.0.50/to_service-addressed-waypoint_10.132.0.46" time="0.020"></testcase>
		<testcase classname="ambient" name="TestPodIP/from_captured_10.132.0.50/to_service-addressed-waypoint_10.132.0.46/http" time="0.010"></testcase>
		<testcase classname="ambient" name="TestPodIP/from_captured_10.132.0.50/to_service-addressed-waypoint_10.132.0.46/tcp" time="0.020"></testcase>
		<testcase classname="ambient" name="TestPodIP/from_captured_10.132.0.50/to_captured_10.132.0.45" time="0.020"></testcase>
		<testcase classname="ambient" name="TestPodIP/from_captured_10.132.0.50/to_captured_10.132.0.45/http" time="0.010"></testcase>
		<testcase classname="ambient" name="TestPodIP/from_captured_10.132.0.50/to_captured_10.132.0.45/tcp" time="0.020"></testcase>
		<testcase classname="ambient" name="TestPodIP/from_captured_10.132.0.50/to_captured_10.132.0.50" time="0.020"></testcase>
		<testcase classname="ambient" name="TestPodIP/from_captured_10.132.0.50/to_captured_10.132.0.50/http" time="0.010"></testcase>
		<testcase classname="ambient" name="TestPodIP/from_captured_10.132.0.50/to_captured_10.132.0.50/tcp" time="0.020"></testcase>
		<testcase classname="ambient" name="TestPodIP/from_captured_10.132.0.50/to_uncaptured_10.132.0.43" time="0.020"></testcase>
		<testcase classname="ambient" name="TestPodIP/from_captured_10.132.0.50/to_uncaptured_10.132.0.43/http" time="0.010"></testcase>
		<testcase classname="ambient" name="TestPodIP/from_captured_10.132.0.50/to_uncaptured_10.132.0.43/tcp" time="0.020"></testcase>
[...]
		<testcase classname="ambient" name="TestTraffic/autopassthrough/mode:DISABLE,sni:outbound_.80_._.naked.echo-5-91828.svc.cluster.local,alpn:istio-http/1.0" time="0.020"></testcase>
		<testcase classname="ambient" name="TestTraffic/autopassthrough/mode:DISABLE,sni:outbound_.80_._.naked.echo-5-91828.svc.cluster.local,alpn:istio-http/1.1" time="0.020"></testcase>
		<testcase classname="ambient" name="TestTraffic/autopassthrough/mode:DISABLE,sni:outbound_.80_._.naked.echo-5-91828.svc.cluster.local,alpn:istio-h2" time="0.020"></testcase>
		<testcase classname="ambient" name="TestTraffic/autopassthrough/mode:DISABLE,sni:outbound_.80_._.naked.echo-5-91828.svc.cluster.local,alpn:" time="0.020"></testcase>
		<testcase classname="ambient" name="TestTraffic/autopassthrough/mode:DISABLE,sni:outbound|9443||a.echo-5-91828.svc.cluster.local,alpn:istio" time="0.020"></testcase>
		<testcase classname="ambient" name="TestTraffic/autopassthrough/mode:DISABLE,sni:outbound|9443||a.echo-5-91828.svc.cluster.local,alpn:istio-peer-exchange" time="0.020"></testcase>
		<testcase classname="ambient" name="TestTraffic/autopassthrough/mode:DISABLE,sni:outbound|9443||a.echo-5-91828.svc.cluster.local,alpn:istio-http/1.0" time="0.030"></testcase>
		<testcase classname="ambient" name="TestTraffic/autopassthrough/mode:DISABLE,sni:outbound|9443||a.echo-5-91828.svc.cluster.local,alpn:istio-http/1.1" time="0.020"></testcase>
		<testcase classname="ambient" name="TestTraffic/autopassthrough/mode:DISABLE,sni:outbound|9443||a.echo-5-91828.svc.cluster.local,alpn:istio-h2" time="0.020"></testcase>
		<testcase classname="ambient" name="TestTraffic/autopassthrough/mode:DISABLE,sni:outbound|9443||a.echo-5-91828.svc.cluster.local,alpn:" time="0.020"></testcase>
		<testcase classname="ambient" name="TestTraffic/autopassthrough/mode:DISABLE,sni:outbound_.9443_._.a.echo-5-91828.svc.cluster.local,alpn:istio" time="0.020"></testcase>
		<testcase classname="ambient" name="TestTraffic/autopassthrough/mode:DISABLE,sni:outbound_.9443_._.a.echo-5-91828.svc.cluster.local,alpn:istio-peer-exchange" time="0.020"></testcase>
		<testcase classname="ambient" name="TestTraffic/autopassthrough/mode:DISABLE,sni:outbound_.9443_._.a.echo-5-91828.svc.cluster.local,alpn:istio-http/1.0" time="0.020"></testcase>
		<testcase classname="ambient" name="TestTraffic/autopassthrough/mode:DISABLE,sni:outbound_.9443_._.a.echo-5-91828.svc.cluster.local,alpn:istio-http/1.1" time="0.020"></testcase>
		<testcase classname="ambient" name="TestTraffic/autopassthrough/mode:DISABLE,sni:outbound_.9443_._.a.echo-5-91828.svc.cluster.local,alpn:istio-h2" time="0.020"></testcase>
		<testcase classname="ambient" name="TestTraffic/autopassthrough/mode:DISABLE,sni:outbound_.9443_._.a.echo-5-91828.svc.cluster.local,alpn:" time="0.020"></testcase>
		<testcase classname="ambient" name="TestTraffic/autopassthrough/mode:DISABLE,sni:outbound|9443||naked.echo-5-91828.svc.cluster.local,alpn:istio" time="0.020"></testcase>
		<testcase classname="ambient" name="TestTraffic/autopassthrough/mode:DISABLE,sni:outbound|9443||naked.echo-5-91828.svc.cluster.local,alpn:istio-peer-exchange" time="0.020"></testcase>
		<testcase classname="ambient" name="TestTraffic/autopassthrough/mode:DISABLE,sni:outbound|9443||naked.echo-5-91828.svc.cluster.local,alpn:istio-http/1.0" time="0.030"></testcase>
		<testcase classname="ambient" name="TestTraffic/autopassthrough/mode:DISABLE,sni:outbound|9443||naked.echo-5-91828.svc.cluster.local,alpn:istio-http/1.1" time="0.030"></testcase>
		<testcase classname="ambient" name="TestTraffic/autopassthrough/mode:DISABLE,sni:outbound|9443||naked.echo-5-91828.svc.cluster.local,alpn:istio-h2" time="0.030"></testcase>
		<testcase classname="ambient" name="TestTraffic/autopassthrough/mode:DISABLE,sni:outbound|9443||naked.echo-5-91828.svc.cluster.local,alpn:" time="0.020"></testcase>
		<testcase classname="ambient" name="TestTraffic/autopassthrough/mode:DISABLE,sni:outbound_.9443_._.naked.echo-5-91828.svc.cluster.local,alpn:istio" time="0.030"></testcase>
		<testcase classname="ambient" name="TestTraffic/autopassthrough/mode:DISABLE,sni:outbound_.9443_._.naked.echo-5-91828.svc.cluster.local,alpn:istio-peer-exchange" time="0.020"></testcase>
		<testcase classname="ambient" name="TestTraffic/autopassthrough/mode:DISABLE,sni:outbound_.9443_._.naked.echo-5-91828.svc.cluster.local,alpn:istio-http/1.0" time="0.020"></testcase>
		<testcase classname="ambient" name="TestTraffic/autopassthrough/mode:DISABLE,sni:outbound_.9443_._.naked.echo-5-91828.svc.cluster.local,alpn:istio-http/1.1" time="0.020"></testcase>
		<testcase classname="ambient" name="TestTraffic/autopassthrough/mode:DISABLE,sni:outbound_.9443_._.naked.echo-5-91828.svc.cluster.local,alpn:istio-h2" time="0.020"></testcase>
		<testcase classname="ambient" name="TestTraffic/autopassthrough/mode:DISABLE,sni:outbound_.9443_._.naked.echo-5-91828.svc.cluster.local,alpn:" time="0.020"></testcase>
		<testcase classname="ambient" name="TestTraffic/loop" time="0.000">
			<skipped message="    traffic.go:274: ambient skipped: does not error (waypoint -&gt; waypoint)"></skipped>
		</testcase>
		<testcase classname="ambient" name="TestTraffic/tls-origination" time="0.000">
			<skipped message="    traffic.go:274: ambient skipped: not workload agnostic"></skipped>
		</testcase>
		<testcase classname="ambient" name="TestTraffic/instanceip" time="0.000">
			<skipped message="    traffic.go:274: ambient skipped: not supported"></skipped>
		</testcase>
		<testcase classname="ambient" name="TestTraffic/services" time="8.540"></testcase>
		<testcase classname="ambient" name="TestTraffic/services/case_1_both_match_in_cluster_primary-0" time="0.090"></testcase>
		<testcase classname="ambient" name="TestTraffic/services/case_2_service_port_match_in_cluster_primary-0" time="3.010"></testcase>
		<testcase classname="ambient" name="TestTraffic/services/case_3_target_port_match_in_cluster_primary-0" time="5.300"></testcase>
		<testcase classname="ambient" name="TestTraffic/services/case_4_no_match_in_cluster_primary-0" time="0.140"></testcase>
		<testcase classname="ambient" name="TestTraffic/externalname" time="0.000">
			<skipped message="    traffic.go:274: ambient skipped: Relies on X-Forwarded-Client-Cert in checker"></skipped>
		</testcase>
		<testcase classname="ambient" name="TestTraffic/host" time="0.000">
			<skipped message="    traffic.go:274: ambient skipped: Relies on X-Forwarded-Client-Cert in checker"></skipped>
		</testcase>
		<testcase classname="ambient" name="TestTraffic/envoyfilter" time="0.000">
			<skipped message="    traffic.go:274: ambient skipped: not supported"></skipped>
		</testcase>
		<testcase classname="ambient" name="TestTraffic/consistent-hash" time="12.700"></testcase>
		<testcase classname="ambient" name="TestTraffic/consistent-hash/no_consistent" time="0.240"></testcase>
		<testcase classname="ambient" name="TestTraffic/consistent-hash/source_ip_a" time="5.180"></testcase>
		<testcase classname="ambient" name="TestTraffic/consistent-hash/query_parama" time="0.090"></testcase>
		<testcase classname="ambient" name="TestTraffic/consistent-hash/http_headera" time="0.140"></testcase>
		<testcase classname="ambient" name="TestTraffic/consistent-hash/tcp_source_ip_a" time="0.110"></testcase>
		<testcase classname="ambient" name="TestTraffic/consistent-hash/http_cookie_with_ttla" time="0.000">
			<skipped message="    traffic.go:215: https://github.com/istio/istio/issues/48156: not currently working, as test framework is not passing the cookies back"></skipped>
		</testcase>
		<testcase classname="ambient" name="TestTraffic/consistent-hash/http_cookie_without_ttla" time="0.000">
			<skipped message="    traffic.go:215: https://github.com/istio/istio/issues/48156: not currently working, as test framework is not passing the cookies back"></skipped>
		</testcase>
		<testcase classname="ambient" name="TestTraffic/consistent-hash/no_consistent#01" time="0.710"></testcase>
		<testcase classname="ambient" name="TestTraffic/consistent-hash/source_ip_b" time="0.750"></testcase>
		<testcase classname="ambient" name="TestTraffic/consistent-hash/query_paramb" time="0.100"></testcase>
		<testcase classname="ambient" name="TestTraffic/consistent-hash/http_headerb" time="0.130"></testcase>
		<testcase classname="ambient" name="TestTraffic/consistent-hash/tcp_source_ip_b" time="5.170"></testcase>
		<testcase classname="ambient" name="TestTraffic/consistent-hash/http_cookie_with_ttlb" time="0.000">
			<skipped message="    traffic.go:215: https://github.com/istio/istio/issues/48156: not currently working, as test framework is not passing the cookies back"></skipped>
		</testcase>
		<testcase classname="ambient" name="TestTraffic/consistent-hash/http_cookie_without_ttlb" time="0.000">
			<skipped message="    traffic.go:215: https://github.com/istio/istio/issues/48156: not currently working, as test framework is not passing the cookies back"></skipped>
		</testcase>
		<testcase classname="ambient" name="TestTraffic/use-client-protocol" time="0.820"></testcase>
		<testcase classname="ambient" name="TestTraffic/use-client-protocol/use_client_protocol_with_h2" time="0.770"></testcase>
		<testcase classname="ambient" name="TestTraffic/use-client-protocol/use_client_protocol_with_h1" time="0.060"></testcase>
		<testcase classname="ambient" name="TestTraffic/destinationrule" time="0.050"></testcase>
		<testcase classname="ambient" name="TestTraffic/destinationrule/only_idletimeout_specified_in_DR" time="0.050"></testcase>
		<testcase classname="ambient" name="TestTraffic/vm" time="0.000">
			<skipped message="    routing.go:3748: VMs are disabled"></skipped>
		</testcase>
		<testcase classname="ambient" name="TestTraffic/dns" time="0.000">
			<skipped message="    traffic.go:274: ambient skipped: https://github.com/istio/istio/issues/48614"></skipped>
		</testcase>
		<testcase classname="ambient" name="TestTraffic/externalservice" time="0.000">
			<skipped message="    routing.go:3858: no external service instances"></skipped>
		</testcase>
		<testcase classname="ambient" name="TestTraffic/upstreamproxy" time="0.590"></testcase>
		<testcase classname="ambient" name="TestTraffic/upstreamproxy/proxy" time="0.590"></testcase>
		<testcase classname="ambient" name="TestTraffic/service-entry-vips-resolution-none" time="0.000">
			<skipped message="    traffic.go:274: ambient skipped: "></skipped>
		</testcase>
		<testcase classname="ambient" name="TestWasmPluginConfigurations" time="21.490"></testcase>
		<testcase classname="ambient" name="TestWasmPluginConfigurations/OCI_Configure_WebAssembly_filter_for_gateway" time="3.880"></testcase>
		<testcase classname="ambient" name="TestWasmPluginConfigurations/Delete_WasmPlugin_gateway-wasm-test" time="0.050"></testcase>
		<testcase classname="ambient" name="TestWasmPluginConfigurations/OCI_Configure_WebAssembly_filter_for_waypoint" time="15.010"></testcase>
		<testcase classname="ambient" name="TestWasmPluginConfigurations/Delete_WasmPlugin_waypoint-wasm-test" time="0.170"></testcase>
		<testcase classname="ambient" name="TestWasmPluginConfigurations/OCI_Configure_WebAssembly_filter_for_specific_service" time="0.680"></testcase>
		<testcase classname="ambient" name="TestWasmPluginConfigurations/Delete_WasmPlugin_service-wasm-test" time="0.210"></testcase>
		<testcase classname="ambient" name="TestWaypointStatus" time="0.020"></testcase>
		<testcase classname="ambient" name="TestWaypointStatus/gateway_class" time="0.020"></testcase>
		<testcase classname="ambient" name="TestWaypointStatus/service" time="0.000"></testcase>
		<testcase classname="ambient" name="TestWaypoint" time="18.900"></testcase>
		<testcase classname="ambient" name="TestSimpleHTTPSandwich" time="4.050"></testcase>
		<testcase classname="ambient" name="TestSimpleHTTPSandwich/from_workload-addressed-waypoint" time="0.420"></testcase>
		<testcase classname="ambient" name="TestSimpleHTTPSandwich/from_workload-addressed-waypoint/to_captured" time="0.330"></testcase>
		<testcase classname="ambient" name="TestSimpleHTTPSandwich/from_workload-addressed-waypoint/to_captured.echo-1-17612" time="0.020"></testcase>
		<testcase classname="ambient" name="TestSimpleHTTPSandwich/from_workload-addressed-waypoint/to_captured.echo-1-17612.svc" time="0.020"></testcase>
		<testcase classname="ambient" name="TestSimpleHTTPSandwich/from_workload-addressed-waypoint/to_captured.echo-1-17612.svc.cluster.local" time="0.030"></testcase>
		<testcase classname="ambient" name="TestSimpleHTTPSandwich/from_service-addressed-waypoint" time="0.130"></testcase>
		<testcase classname="ambient" name="TestSimpleHTTPSandwich/from_service-addressed-waypoint/to_captured" time="0.050"></testcase>
		<testcase classname="ambient" name="TestSimpleHTTPSandwich/from_service-addressed-waypoint/to_captured.echo-1-17612" time="0.020"></testcase>
		<testcase classname="ambient" name="TestSimpleHTTPSandwich/from_service-addressed-waypoint/to_captured.echo-1-17612.svc" time="0.020"></testcase>
		<testcase classname="ambient" name="TestSimpleHTTPSandwich/from_service-addressed-waypoint/to_captured.echo-1-17612.svc.cluster.local" time="0.030"></testcase>
		<testcase classname="ambient" name="TestSimpleHTTPSandwich/from_captured" time="0.150"></testcase>
		<testcase classname="ambient" name="TestSimpleHTTPSandwich/from_captured/to_captured" time="0.050"></testcase>
		<testcase classname="ambient" name="TestSimpleHTTPSandwich/from_captured/to_captured.echo-1-17612" time="0.030"></testcase>
		<testcase classname="ambient" name="TestSimpleHTTPSandwich/from_captured/to_captured.echo-1-17612.svc" time="0.040"></testcase>
		<testcase classname="ambient" name="TestSimpleHTTPSandwich/from_captured/to_captured.echo-1-17612.svc.cluster.local" time="0.040"></testcase>
		<testcase classname="ambient" name="TestWaypointDNS" time="0.840"></testcase>
		<testcase classname="ambient" name="TestWaypointDNS/without_waypoint" time="0.380"></testcase>
		<testcase classname="ambient" name="TestWaypointDNS/without_waypoint/from_workload-addressed-waypoint" time="0.080"></testcase>
		<testcase classname="ambient" name="TestWaypointDNS/without_waypoint/from_workload-addressed-waypoint/v4" time="0.080"></testcase>
		<testcase classname="ambient" name="TestWaypointDNS/without_waypoint/from_service-addressed-waypoint" time="0.040"></testcase>
		<testcase classname="ambient" name="TestWaypointDNS/without_waypoint/from_service-addressed-waypoint/v4" time="0.040"></testcase>
		<testcase classname="ambient" name="TestWaypointDNS/without_waypoint/from_captured" time="0.230"></testcase>
		<testcase classname="ambient" name="TestWaypointDNS/without_waypoint/from_captured/v4" time="0.200"></testcase>
		<testcase classname="ambient" name="TestWaypointDNS/with_waypoint" time="0.460"></testcase>
		<testcase classname="ambient" name="TestWaypointDNS/with_waypoint/from_workload-addressed-waypoint" time="0.310"></testcase>
		<testcase classname="ambient" name="TestWaypointDNS/with_waypoint/from_workload-addressed-waypoint/v4" time="0.310"></testcase>
		<testcase classname="ambient" name="TestWaypointDNS/with_waypoint/from_service-addressed-waypoint" time="0.050"></testcase>
		<testcase classname="ambient" name="TestWaypointDNS/with_waypoint/from_service-addressed-waypoint/v4" time="0.050"></testcase>
		<testcase classname="ambient" name="TestWaypointDNS/with_waypoint/from_captured" time="0.050"></testcase>
		<testcase classname="ambient" name="TestWaypointDNS/with_waypoint/from_captured/v4" time="0.040"></testcase>
		<testcase classname="ambient" name="TestWaypointAsEgressGateway" time="3.960"></testcase>
		<testcase classname="ambient" name="TestWaypointAsEgressGateway/basic" time="2.560"></testcase>
		<testcase classname="ambient" name="TestWaypointAsEgressGateway/basic/from_workload-addressed-waypoint" time="2.420"></testcase>
		<testcase classname="ambient" name="TestWaypointAsEgressGateway/basic/from_service-addressed-waypoint" time="0.050"></testcase>
		<testcase classname="ambient" name="TestWaypointAsEgressGateway/basic/from_captured" time="0.060"></testcase>
		<testcase classname="ambient" name="TestWaypointAsEgressGateway/http_origination_targetPort" time="0.380"></testcase>
		<testcase classname="ambient" name="TestWaypointAsEgressGateway/http_origination_targetPort/from_workload-addressed-waypoint" time="0.240"></testcase>
		<testcase classname="ambient" name="TestWaypointAsEgressGateway/http_origination_targetPort/from_service-addressed-waypoint" time="0.050"></testcase>
		<testcase classname="ambient" name="TestWaypointAsEgressGateway/http_origination_targetPort/from_captured" time="0.060"></testcase>
		<testcase classname="ambient" name="TestWaypointAsEgressGateway/http_origination_route" time="0.470"></testcase>
		<testcase classname="ambient" name="TestWaypointAsEgressGateway/http_origination_route/from_workload-addressed-waypoint" time="0.310"></testcase>
		<testcase classname="ambient" name="TestWaypointAsEgressGateway/http_origination_route/from_service-addressed-waypoint" time="0.060"></testcase>
		<testcase classname="ambient" name="TestWaypointAsEgressGateway/http_origination_route/from_captured" time="0.050"></testcase>
		<testcase classname="ambient" name="TestWaypointAsEgressGateway/authz_on_service_allow" time="0.490"></testcase>
		<testcase classname="ambient" name="TestWaypointAsEgressGateway/authz_on_service_allow/from_workload-addressed-waypoint" time="0.290"></testcase>
		<testcase classname="ambient" name="TestWaypointAsEgressGateway/authz_on_service_allow/from_service-addressed-waypoint" time="0.080"></testcase>
		<testcase classname="ambient" name="TestWaypointAsEgressGateway/authz_on_service_allow/from_captured" time="0.080"></testcase>
		<testcase classname="ambient" name="TestIngressToWaypoint" time="5.810"></testcase>
		<testcase classname="ambient" name="TestIngressToWaypoint/sidecar-service" time="0.300"></testcase>
		<testcase classname="ambient" name="TestIngressToWaypoint/sidecar-service/http" time="0.090"></testcase>
		<testcase classname="ambient" name="TestIngressToWaypoint/sidecar-service/tcp" time="0.210"></testcase>
		<testcase classname="ambient" name="TestIngressToWaypoint/sidecar-workload" time="0.110"></testcase>
		<testcase classname="ambient" name="TestIngressToWaypoint/sidecar-workload/http-10.132.0.42" time="0.030"></testcase>
		<testcase classname="ambient" name="TestIngressToWaypoint/sidecar-workload/tcp-10.132.0.42" time="0.030"></testcase>
		<testcase classname="ambient" name="TestIngressToWaypoint/sidecar-workload/http-10.132.0.44" time="0.020"></testcase>
		<testcase classname="ambient" name="TestIngressToWaypoint/sidecar-workload/tcp-10.132.0.44" time="0.030"></testcase>
		<testcase classname="ambient" name="TestIngressToWaypoint/ingress-service" time="5.380"></testcase>
		<testcase classname="ambient" name="TestIngressToWaypoint/ingress-service/endpoint_routing" time="5.060"></testcase>
		<testcase classname="ambient" name="TestIngressToWaypoint/ingress-service/service_routing" time="0.290"></testcase>
		<testcase classname="ambient" name="TestIngressToWaypoint/ingress-workload" time="0.000">
			<skipped message="    waypoint_test.go:742: not implemented"></skipped>
		</testcase>
		<testcase classname="ambient" name="TestMain" time="0.000"></testcase>
	</testsuite>
	<testsuite tests="1" failures="0" time="107.111" name="istio.io/istio/tests/integration/ambient/cni">
		<properties>
			<property name="go.version" value="go1.25.1"></property>
		</properties>
		<testcase classname="cni" name="TestCNIRestartsWithMissingKubeConfig" time="0.000">
			<skipped message="    main_test.go:221: CNI kubeconfig removal is only tested when Istio owns the CNI config."></skipped>
		</testcase>
		<testcase classname="cni" name="TestMain" time="0.000"></testcase>
	</testsuite>
</testsuites>
